[
    {
        "Time":  "2026-09-12T04:25:25.9638870-07:00",
        "Id":  420,
        "Message":  "Device ROOT\\VMS_VSMP\\0000 was deleted.\r\n\r\nClass GUID: {4d36e972-e325-11ce-bfc1-08002be10318}",
        "XML":  "\u003cEvent xmlns=\u0027http://schemas.microsoft.com/win/2004/08/events/event\u0027\u003e\u003cSystem\u003e\u003cProvider Name=\u0027Microsoft-Windows-Kernel-PnP\u0027 Guid=\u0027{9c205a39-1250-487d-abd7-e831c6290539}\u0027/\u003e\u003cEventID\u003e420\u003c/EventID\u003e\u003cVersion\u003e0\u003c/Version\u003e\u003cLevel\u003e4\u003c/Level\u003e\u003cTask\u003e0\u003c/Task\u003e\u003cOpcode\u003e0\u003c/Opcode\u003e\u003cKeywords\u003e0x4000000000000000\u003c/Keywords\u003e\u003cTimeCreated SystemTime=\u00272026-09-12T11:25:25.9638870Z\u0027/\u003e\u003cEventRecordID\u003e8711\u003c/EventRecordID\u003e\u003cCorrelation/\u003e\u003cExecution ProcessID=\u00273392\u0027 ThreadID=\u00274224\u0027/\u003e\u003cChannel\u003eMicrosoft-Windows-Kernel-PnP/Configuration\u003c/Channel\u003e\u003cComputer\u003eDingleDerp\u003c/Computer\u003e\u003cSecurity UserID=\u0027S-1-5-18\u0027/\u003e\u003c/System\u003e\u003cEventData\u003e\u003cData Name=\u0027DeviceInstanceId\u0027\u003eROOT\\VMS_VSMP\\0000\u003c/Data\u003e\u003cData Name=\u0027ClassGuid\u0027\u003e{4d36e972-e325-11ce-bfc1-08002be10318}\u003c/Data\u003e\u003cData Name=\u0027Problem\u0027\u003e0x15\u003c/Data\u003e\u003cData Name=\u0027Status\u0027\u003e0x0\u003c/Data\u003e\u003c/EventData\u003e\u003c/Event\u003e"
    },
    {
        "Time":  "2026-09-12T04:25:26.1336146-07:00",
        "Id":  400,
        "Message":  "Device SWD\\XvddEnum\\XvddRootDevice_Instance was configured.\r\n\r\nDriver Name: oem212.inf\r\nDriver Package ID: xvdd.inf_amd64_1e22073ba7136f03\r\nClass GUID: {4d36e97b-e325-11ce-bfc1-08002be10318}\r\nDriver Date: 07/16/2026\r\nDriver Version: 10.0.22029.3\r\nDriver Provider: Xbox\r\nDriver Section: xvdd_Install_Control\r\nDriver Rank: 0xFF0000\r\nMatching Device ID: XvddRootDevice\r\nOutranked Drivers: oem212.inf:XvddRootDevice:00FF2000\r\nDevice Updated: true\r\nParent Device: HTREE\\ROOT\\0",
        "XML":  "\u003cEvent xmlns=\u0027http://schemas.microsoft.com/win/2004/08/events/event\u0027\u003e\u003cSystem\u003e\u003cProvider Name=\u0027Microsoft-Windows-Kernel-PnP\u0027 Guid=\u0027{9c205a39-1250-487d-abd7-e831c6290539}\u0027/\u003e\u003cEventID\u003e400\u003c/EventID\u003e\u003cVersion\u003e1\u003c/Version\u003e\u003cLevel\u003e4\u003c/Level\u003e\u003cTask\u003e0\u003c/Task\u003e\u003cOpcode\u003e0\u003c/Opcode\u003e\u003cKeywords\u003e0x4000000000000000\u003c/Keywords\u003e\u003cTimeCreated SystemTime=\u00272026-09-12T11:25:26.1336146Z\u0027/\u003e\u003cEventRecordID\u003e8712\u003c/EventRecordID\u003e\u003cCorrelation/\u003e\u003cExecution ProcessID=\u00274\u0027 ThreadID=\u0027612\u0027/\u003e\u003cChannel\u003eMicrosoft-Windows-Kernel-PnP/Configuration\u003c/Channel\u003e\u003cComputer\u003eDingleDerp\u003c/Computer\u003e\u003cSecurity UserID=\u0027S-1-5-18\u0027/\u003e\u003c/System\u003e\u003cEventData\u003e\u003cData Name=\u0027DeviceInstanceId\u0027\u003eSWD\\XvddEnum\\XvddRootDevice_Instance\u003c/Data\u003e\u003cData Name=\u0027DriverName\u0027\u003eoem212.inf\u003c/Data\u003e\u003cData Name=\u0027ClassGuid\u0027\u003e{4d36e97b-e325-11ce-bfc1-08002be10318}\u003c/Data\u003e\u003cData Name=\u0027DriverDate\u0027\u003e07/16/2026\u003c/Data\u003e\u003cData Name=\u0027DriverVersion\u0027\u003e10.0.22029.3\u003c/Data\u003e\u003cData Name=\u0027DriverProvider\u0027\u003eXbox\u003c/Data\u003e\u003cData Name=\u0027DriverInbox\u0027\u003efalse\u003c/Data\u003e\u003cData Name=\u0027DriverSection\u0027\u003exvdd_Install_Control\u003c/Data\u003e\u003cData Name=\u0027DriverRank\u0027\u003e0xff0000\u003c/Data\u003e\u003cData Name=\u0027MatchingDeviceId\u0027\u003eXvddRootDevice\u003c/Data\u003e\u003cData Name=\u0027OutrankedDrivers\u0027\u003eoem212.inf:XvddRootDevice:00FF2000\u003c/Data\u003e\u003cData Name=\u0027DeviceUpdated\u0027\u003etrue\u003c/Data\u003e\u003cData Name=\u0027Status\u0027\u003e0x0\u003c/Data\u003e\u003cData Name=\u0027ParentDeviceInstanceId\u0027\u003eHTREE\\ROOT\\0\u003c/Data\u003e\u003cData Name=\u0027DriverPackageId\u0027\u003exvdd.inf_amd64_1e22073ba7136f03\u003c/Data\u003e\u003c/EventData\u003e\u003c/Event\u003e"
    },
    {
        "Time":  "2026-09-12T04:25:26.1425655-07:00",
        "Id":  410,
        "Message":  "Device SWD\\XvddEnum\\XvddRootDevice_Instance was started.\r\n\r\nDriver Name: oem212.inf\r\nClass GUID: {4d36e97b-e325-11ce-bfc1-08002be10318}\r\nService: Xvdd\r\nLower Filters: \r\nUpper Filters: ",
        "XML":  "\u003cEvent xmlns=\u0027http://schemas.microsoft.com/win/2004/08/events/event\u0027\u003e\u003cSystem\u003e\u003cProvider Name=\u0027Microsoft-Windows-Kernel-PnP\u0027 Guid=\u0027{9c205a39-1250-487d-abd7-e831c6290539}\u0027/\u003e\u003cEventID\u003e410\u003c/EventID\u003e\u003cVersion\u003e0\u003c/Version\u003e\u003cLevel\u003e4\u003c/Level\u003e\u003cTask\u003e0\u003c/Task\u003e\u003cOpcode\u003e0\u003c/Opcode\u003e\u003cKeywords\u003e0x4000000000000000\u003c/Keywords\u003e\u003cTimeCreated SystemTime=\u00272026-09-12T11:25:26.1425655Z\u0027/\u003e\u003cEventRecordID\u003e8713\u003c/EventRecordID\u003e\u003cCorrelation/\u003e\u003cExecution ProcessID=\u00274\u0027 ThreadID=\u0027612\u0027/\u003e\u003cChannel\u003eMicrosoft-Windows-Kernel-PnP/Configuration\u003c/Channel\u003e\u003cComputer\u003eDingleDerp\u003c/Computer\u003e\u003cSecurity UserID=\u0027S-1-5-18\u0027/\u003e\u003c/System\u003e\u003cEventData\u003e\u003cData Name=\u0027DeviceInstanceId\u0027\u003eSWD\\XvddEnum\\XvddRootDevice_Instance\u003c/Data\u003e\u003cData Name=\u0027DriverName\u0027\u003eoem212.inf\u003c/Data\u003e\u003cData Name=\u0027ClassGuid\u0027\u003e{4d36e97b-e325-11ce-bfc1-08002be10318}\u003c/Data\u003e\u003cData Name=\u0027ServiceName\u0027\u003eXvdd\u003c/Data\u003e\u003cData Name=\u0027LowerFilters\u0027\u003e\u003c/Data\u003e\u003cData Name=\u0027UpperFilters\u0027\u003e\u003c/Data\u003e\u003cData Name=\u0027Problem\u0027\u003e0x0\u003c/Data\u003e\u003cData Name=\u0027Status\u0027\u003e0x0\u003c/Data\u003e\u003c/EventData\u003e\u003c/Event\u003e"
    },
    {
        "Time":  "2026-09-12T04:25:30.8084053-07:00",
        "Id":  420,
        "Message":  "Device ROOT\\VMS_VSMP\\0001 was deleted.\r\n\r\nClass GUID: {4d36e972-e325-11ce-bfc1-08002be10318}",
        "XML":  "\u003cEvent xmlns=\u0027http://schemas.microsoft.com/win/2004/08/events/event\u0027\u003e\u003cSystem\u003e\u003cProvider Name=\u0027Microsoft-Windows-Kernel-PnP\u0027 Guid=\u0027{9c205a39-1250-487d-abd7-e831c6290539}\u0027/\u003e\u003cEventID\u003e420\u003c/EventID\u003e\u003cVersion\u003e0\u003c/Version\u003e\u003cLevel\u003e4\u003c/Level\u003e\u003cTask\u003e0\u003c/Task\u003e\u003cOpcode\u003e0\u003c/Opcode\u003e\u003cKeywords\u003e0x4000000000000000\u003c/Keywords\u003e\u003cTimeCreated SystemTime=\u00272026-09-12T11:25:30.8084053Z\u0027/\u003e\u003cEventRecordID\u003e8714\u003c/EventRecordID\u003e\u003cCorrelation/\u003e\u003cExecution ProcessID=\u00273392\u0027 ThreadID=\u00274224\u0027/\u003e\u003cChannel\u003eMicrosoft-Windows-Kernel-PnP/Configuration\u003c/Channel\u003e\u003cComputer\u003eDingleDerp\u003c/Computer\u003e\u003cSecurity UserID=\u0027S-1-5-18\u0027/\u003e\u003c/System\u003e\u003cEventData\u003e\u003cData Name=\u0027DeviceInstanceId\u0027\u003eROOT\\VMS_VSMP\\0001\u003c/Data\u003e\u003cData Name=\u0027ClassGuid\u0027\u003e{4d36e972-e325-11ce-bfc1-08002be10318}\u003c/Data\u003e\u003cData Name=\u0027Problem\u0027\u003e0x15\u003c/Data\u003e\u003cData Name=\u0027Status\u0027\u003e0x0\u003c/Data\u003e\u003c/EventData\u003e\u003c/Event\u003e"
    },
    {
        "Time":  "2026-09-12T04:25:31.4331239-07:00",
        "Id":  400,
        "Message":  "Device ROOT\\VMS_VSMP\\0000 was configured.\r\n\r\nDriver Name: wvms_mp_windows.inf\r\nDriver Package ID: wvms_mp_windows.inf_amd64_ff9a4204bc669b25\r\nClass GUID: {4d36e972-e325-11ce-bfc1-08002be10318}\r\nDriver Date: 06/21/2006\r\nDriver Version: 10.0.26100.1\r\nDriver Provider: Microsoft\r\nDriver Section: VMSVSMP.ndi\r\nDriver Rank: 0xFF0000\r\nMatching Device ID: vms_vsmp\r\nOutranked Drivers: \r\nDevice Updated: true\r\nParent Device: HTREE\\ROOT\\0",
        "XML":  "\u003cEvent xmlns=\u0027http://schemas.microsoft.com/win/2004/08/events/event\u0027\u003e\u003cSystem\u003e\u003cProvider Name=\u0027Microsoft-Windows-Kernel-PnP\u0027 Guid=\u0027{9c205a39-1250-487d-abd7-e831c6290539}\u0027/\u003e\u003cEventID\u003e400\u003c/EventID\u003e\u003cVersion\u003e1\u003c/Version\u003e\u003cLevel\u003e4\u003c/Level\u003e\u003cTask\u003e0\u003c/Task\u003e\u003cOpcode\u003e0\u003c/Opcode\u003e\u003cKeywords\u003e0x4000000000000000\u003c/Keywords\u003e\u003cTimeCreated SystemTime=\u00272026-09-12T11:25:31.4331239Z\u0027/\u003e\u003cEventRecordID\u003e8715\u003c/EventRecordID\u003e\u003cCorrelation/\u003e\u003cExecution ProcessID=\u00274\u0027 ThreadID=\u0027612\u0027/\u003e\u003cChannel\u003eMicrosoft-Windows-Kernel-PnP/Configuration\u003c/Channel\u003e\u003cComputer\u003eDingleDerp\u003c/Computer\u003e\u003cSecurity UserID=\u0027S-1-5-18\u0027/\u003e\u003c/System\u003e\u003cEventData\u003e\u003cData Name=\u0027DeviceInstanceId\u0027\u003eROOT\\VMS_VSMP\\0000\u003c/Data\u003e\u003cData Name=\u0027DriverName\u0027\u003ewvms_mp_windows.inf\u003c/Data\u003e\u003cData Name=\u0027ClassGuid\u0027\u003e{4d36e972-e325-11ce-bfc1-08002be10318}\u003c/Data\u003e\u003cData Name=\u0027DriverDate\u0027\u003e06/21/2006\u003c/Data\u003e\u003cData Name=\u0027DriverVersion\u0027\u003e10.0.26100.1\u003c/Data\u003e\u003cData Name=\u0027DriverProvider\u0027\u003eMicrosoft\u003c/Data\u003e\u003cData Name=\u0027DriverInbox\u0027\u003etrue\u003c/Data\u003e\u003cData Name=\u0027DriverSection\u0027\u003eVMSVSMP.ndi\u003c/Data\u003e\u003cData Name=\u0027DriverRank\u0027\u003e0xff0000\u003c/Data\u003e\u003cData Name=\u0027MatchingDeviceId\u0027\u003evms_vsmp\u003c/Data\u003e\u003cData Name=\u0027OutrankedDrivers\u0027\u003e\u003c/Data\u003e\u003cData Name=\u0027DeviceUpdated\u0027\u003etrue\u003c/Data\u003e\u003cData Name=\u0027Status\u0027\u003e0x0\u003c/Data\u003e\u003cData Name=\u0027ParentDeviceInstanceId\u0027\u003eHTREE\\ROOT\\0\u003c/Data\u003e\u003cData Name=\u0027DriverPackageId\u0027\u003ewvms_mp_windows.inf_amd64_ff9a4204bc669b25\u003c/Data\u003e\u003c/EventData\u003e\u003c/Event\u003e"
    },
    {
        "Time":  "2026-09-12T04:25:31.5485782-07:00",
        "Id":  411,
        "Message":  "Device ROOT\\VMS_VSMP\\0000 had a problem starting.\r\n\r\nDriver Name: wvms_mp_windows.inf\r\nClass GUID: {4d36e972-e325-11ce-bfc1-08002be10318}\r\nService: VMSMP\r\nLower Filters: \r\nUpper Filters: \r\nProblem: 0xA\r\nProblem Status: 0xC0000001",
        "XML":  "\u003cEvent xmlns=\u0027http://schemas.microsoft.com/win/2004/08/events/event\u0027\u003e\u003cSystem\u003e\u003cProvider Name=\u0027Microsoft-Windows-Kernel-PnP\u0027 Guid=\u0027{9c205a39-1250-487d-abd7-e831c6290539}\u0027/\u003e\u003cEventID\u003e411\u003c/EventID\u003e\u003cVersion\u003e0\u003c/Version\u003e\u003cLevel\u003e2\u003c/Level\u003e\u003cTask\u003e0\u003c/Task\u003e\u003cOpcode\u003e0\u003c/Opcode\u003e\u003cKeywords\u003e0x4000000000000000\u003c/Keywords\u003e\u003cTimeCreated SystemTime=\u00272026-09-12T11:25:31.5485782Z\u0027/\u003e\u003cEventRecordID\u003e8716\u003c/EventRecordID\u003e\u003cCorrelation/\u003e\u003cExecution ProcessID=\u00274\u0027 ThreadID=\u0027612\u0027/\u003e\u003cChannel\u003eMicrosoft-Windows-Kernel-PnP/Configuration\u003c/Channel\u003e\u003cComputer\u003eDingleDerp\u003c/Computer\u003e\u003cSecurity UserID=\u0027S-1-5-18\u0027/\u003e\u003c/System\u003e\u003cEventData\u003e\u003cData Name=\u0027DeviceInstanceId\u0027\u003eROOT\\VMS_VSMP\\0000\u003c/Data\u003e\u003cData Name=\u0027DriverName\u0027\u003ewvms_mp_windows.inf\u003c/Data\u003e\u003cData Name=\u0027ClassGuid\u0027\u003e{4d36e972-e325-11ce-bfc1-08002be10318}\u003c/Data\u003e\u003cData Name=\u0027ServiceName\u0027\u003eVMSMP\u003c/Data\u003e\u003cData Name=\u0027LowerFilters\u0027\u003e\u003c/Data\u003e\u003cData Name=\u0027UpperFilters\u0027\u003e\u003c/Data\u003e\u003cData Name=\u0027Problem\u0027\u003e0xa\u003c/Data\u003e\u003cData Name=\u0027Status\u0027\u003e0xc0000001\u003c/Data\u003e\u003c/EventData\u003e\u003c/Event\u003e"
    },
    {
        "Time":  "2026-09-12T04:25:46.8207507-07:00",
        "Id":  420,
        "Message":  "Device SWD\\WIREGUARD\\{FC01FCD5-2B9D-2FD8-78D8-CB78B313E2B2} was deleted.\r\n\r\nClass GUID: {4d36e972-e325-11ce-bfc1-08002be10318}",
        "XML":  "\u003cEvent xmlns=\u0027http://schemas.microsoft.com/win/2004/08/events/event\u0027\u003e\u003cSystem\u003e\u003cProvider Name=\u0027Microsoft-Windows-Kernel-PnP\u0027 Guid=\u0027{9c205a39-1250-487d-abd7-e831c6290539}\u0027/\u003e\u003cEventID\u003e420\u003c/EventID\u003e\u003cVersion\u003e0\u003c/Version\u003e\u003cLevel\u003e4\u003c/Level\u003e\u003cTask\u003e0\u003c/Task\u003e\u003cOpcode\u003e0\u003c/Opcode\u003e\u003cKeywords\u003e0x4000000000000000\u003c/Keywords\u003e\u003cTimeCreated SystemTime=\u00272026-09-12T11:25:46.8207507Z\u0027/\u003e\u003cEventRecordID\u003e8717\u003c/EventRecordID\u003e\u003cCorrelation/\u003e\u003cExecution ProcessID=\u00275372\u0027 ThreadID=\u002724780\u0027/\u003e\u003cChannel\u003eMicrosoft-Windows-Kernel-PnP/Configuration\u003c/Channel\u003e\u003cComputer\u003eDingleDerp\u003c/Computer\u003e\u003cSecurity UserID=\u0027S-1-5-18\u0027/\u003e\u003c/System\u003e\u003cEventData\u003e\u003cData Name=\u0027DeviceInstanceId\u0027\u003eSWD\\WIREGUARD\\{FC01FCD5-2B9D-2FD8-78D8-CB78B313E2B2}\u003c/Data\u003e\u003cData Name=\u0027ClassGuid\u0027\u003e{4d36e972-e325-11ce-bfc1-08002be10318}\u003c/Data\u003e\u003cData Name=\u0027Problem\u0027\u003e0x2d\u003c/Data\u003e\u003cData Name=\u0027Status\u0027\u003e0x0\u003c/Data\u003e\u003c/EventData\u003e\u003c/Event\u003e"
    },
    {
        "Time":  "2026-09-12T04:25:49.0083274-07:00",
        "Id":  420,
        "Message":  "Device ROOT\\WIREGUARD\\0000 was deleted.\r\n\r\nClass GUID: {4d36e972-e325-11ce-bfc1-08002be10318}",
        "XML":  "\u003cEvent xmlns=\u0027http://schemas.microsoft.com/win/2004/08/events/event\u0027\u003e\u003cSystem\u003e\u003cProvider Name=\u0027Microsoft-Windows-Kernel-PnP\u0027 Guid=\u0027{9c205a39-1250-487d-abd7-e831c6290539}\u0027/\u003e\u003cEventID\u003e420\u003c/EventID\u003e\u003cVersion\u003e0\u003c/Version\u003e\u003cLevel\u003e4\u003c/Level\u003e\u003cTask\u003e0\u003c/Task\u003e\u003cOpcode\u003e0\u003c/Opcode\u003e\u003cKeywords\u003e0x4000000000000000\u003c/Keywords\u003e\u003cTimeCreated SystemTime=\u00272026-09-12T11:25:49.0083274Z\u0027/\u003e\u003cEventRecordID\u003e8718\u003c/EventRecordID\u003e\u003cCorrelation/\u003e\u003cExecution ProcessID=\u00275372\u0027 ThreadID=\u002724780\u0027/\u003e\u003cChannel\u003eMicrosoft-Windows-Kernel-PnP/Configuration\u003c/Channel\u003e\u003cComputer\u003eDingleDerp\u003c/Computer\u003e\u003cSecurity UserID=\u0027S-1-5-18\u0027/\u003e\u003c/System\u003e\u003cEventData\u003e\u003cData Name=\u0027DeviceInstanceId\u0027\u003eROOT\\WIREGUARD\\0000\u003c/Data\u003e\u003cData Name=\u0027ClassGuid\u0027\u003e{4d36e972-e325-11ce-bfc1-08002be10318}\u003c/Data\u003e\u003cData Name=\u0027Problem\u0027\u003e0x2d\u003c/Data\u003e\u003cData Name=\u0027Status\u0027\u003e0x0\u003c/Data\u003e\u003c/EventData\u003e\u003c/Event\u003e"
    },
    {
        "Time":  "2026-09-12T04:25:49.0146030-07:00",
        "Id":  400,
        "Message":  "Device SWD\\WireGuard\\{FC01FCD5-2B9D-2FD8-78D8-CB78B313E2B2} was configured.\r\n\r\nDriver Name: null\r\nDriver Package ID: null\r\nClass GUID: {00000000-0000-0000-0000-000000000000}\r\nDriver Date: \r\nDriver Version: \r\nDriver Provider: \r\nDriver Section: \r\nDriver Rank: 0x0\r\nMatching Device ID: \r\nOutranked Drivers: \r\nDevice Updated: false\r\nParent Device: HTREE\\ROOT\\0",
        "XML":  "\u003cEvent xmlns=\u0027http://schemas.microsoft.com/win/2004/08/events/event\u0027\u003e\u003cSystem\u003e\u003cProvider Name=\u0027Microsoft-Windows-Kernel-PnP\u0027 Guid=\u0027{9c205a39-1250-487d-abd7-e831c6290539}\u0027/\u003e\u003cEventID\u003e400\u003c/EventID\u003e\u003cVersion\u003e1\u003c/Version\u003e\u003cLevel\u003e4\u003c/Level\u003e\u003cTask\u003e0\u003c/Task\u003e\u003cOpcode\u003e0\u003c/Opcode\u003e\u003cKeywords\u003e0x4000000000000000\u003c/Keywords\u003e\u003cTimeCreated SystemTime=\u00272026-09-12T11:25:49.0146030Z\u0027/\u003e\u003cEventRecordID\u003e8719\u003c/EventRecordID\u003e\u003cCorrelation/\u003e\u003cExecution ProcessID=\u00274\u0027 ThreadID=\u002722896\u0027/\u003e\u003cChannel\u003eMicrosoft-Windows-Kernel-PnP/Configuration\u003c/Channel\u003e\u003cComputer\u003eDingleDerp\u003c/Computer\u003e\u003cSecurity UserID=\u0027S-1-5-18\u0027/\u003e\u003c/System\u003e\u003cEventData\u003e\u003cData Name=\u0027DeviceInstanceId\u0027\u003eSWD\\WireGuard\\{FC01FCD5-2B9D-2FD8-78D8-CB78B313E2B2}\u003c/Data\u003e\u003cData Name=\u0027DriverName\u0027\u003enull\u003c/Data\u003e\u003cData Name=\u0027ClassGuid\u0027\u003e{00000000-0000-0000-0000-000000000000}\u003c/Data\u003e\u003cData Name=\u0027DriverDate\u0027\u003e\u003c/Data\u003e\u003cData Name=\u0027DriverVersion\u0027\u003e\u003c/Data\u003e\u003cData Name=\u0027DriverProvider\u0027\u003e\u003c/Data\u003e\u003cData Name=\u0027DriverInbox\u0027\u003efalse\u003c/Data\u003e\u003cData Name=\u0027DriverSection\u0027\u003e\u003c/Data\u003e\u003cData Name=\u0027DriverRank\u0027\u003e0x0\u003c/Data\u003e\u003cData Name=\u0027MatchingDeviceId\u0027\u003e\u003c/Data\u003e\u003cData Name=\u0027OutrankedDrivers\u0027\u003e\u003c/Data\u003e\u003cData Name=\u0027DeviceUpdated\u0027\u003efalse\u003c/Data\u003e\u003cData Name=\u0027Status\u0027\u003e0x0\u003c/Data\u003e\u003cData Name=\u0027ParentDeviceInstanceId\u0027\u003eHTREE\\ROOT\\0\u003c/Data\u003e\u003cData Name=\u0027DriverPackageId\u0027\u003enull\u003c/Data\u003e\u003c/EventData\u003e\u003c/Event\u003e"
    },
    {
        "Time":  "2026-09-12T04:25:49.0168891-07:00",
        "Id":  442,
        "Message":  "Device settings for SWD\\WireGuard\\{FC01FCD5-2B9D-2FD8-78D8-CB78B313E2B2} were not migrated from previous OS installation due to partial or ambiguous device match.\r\n\r\nLast Device Instance ID: SWD\\Wintun\\{0FA6DF96-77C3-AE9D-C951-10D1C9C6F1D3}\r\nClass GUID: {4d36e972-e325-11ce-bfc1-08002be10318}\r\nLocation Path: \r\nMigration Rank: 0xF000FFFF0000F122\r\nPresent: true\r\nStatus: 0xC0000719",
        "XML":  "\u003cEvent xmlns=\u0027http://schemas.microsoft.com/win/2004/08/events/event\u0027\u003e\u003cSystem\u003e\u003cProvider Name=\u0027Microsoft-Windows-Kernel-PnP\u0027 Guid=\u0027{9c205a39-1250-487d-abd7-e831c6290539}\u0027/\u003e\u003cEventID\u003e442\u003c/EventID\u003e\u003cVersion\u003e0\u003c/Version\u003e\u003cLevel\u003e3\u003c/Level\u003e\u003cTask\u003e0\u003c/Task\u003e\u003cOpcode\u003e0\u003c/Opcode\u003e\u003cKeywords\u003e0x4000000000000000\u003c/Keywords\u003e\u003cTimeCreated SystemTime=\u00272026-09-12T11:25:49.0168891Z\u0027/\u003e\u003cEventRecordID\u003e8720\u003c/EventRecordID\u003e\u003cCorrelation/\u003e\u003cExecution ProcessID=\u00274\u0027 ThreadID=\u002722896\u0027/\u003e\u003cChannel\u003eMicrosoft-Windows-Kernel-PnP/Configuration\u003c/Channel\u003e\u003cComputer\u003eDingleDerp\u003c/Computer\u003e\u003cSecurity UserID=\u0027S-1-5-18\u0027/\u003e\u003c/System\u003e\u003cEventData\u003e\u003cData Name=\u0027DeviceInstanceId\u0027\u003eSWD\\WireGuard\\{FC01FCD5-2B9D-2FD8-78D8-CB78B313E2B2}\u003c/Data\u003e\u003cData Name=\u0027LastDeviceInstanceId\u0027\u003eSWD\\Wintun\\{0FA6DF96-77C3-AE9D-C951-10D1C9C6F1D3}\u003c/Data\u003e\u003cData Name=\u0027ClassGuid\u0027\u003e{4d36e972-e325-11ce-bfc1-08002be10318}\u003c/Data\u003e\u003cData Name=\u0027LocationPath\u0027\u003e\u003c/Data\u003e\u003cData Name=\u0027MigrationRank\u0027\u003e0xf000ffff0000f122\u003c/Data\u003e\u003cData Name=\u0027Present\u0027\u003etrue\u003c/Data\u003e\u003cData Name=\u0027Status\u0027\u003e0xc0000719\u003c/Data\u003e\u003c/EventData\u003e\u003c/Event\u003e"
    },
    {
        "Time":  "2026-09-12T04:25:49.0180306-07:00",
        "Id":  400,
        "Message":  "Device SWD\\WireGuard\\{FC01FCD5-2B9D-2FD8-78D8-CB78B313E2B2} was configured.\r\n\r\nDriver Name: oem162.inf\r\nDriver Package ID: wireguard.inf_amd64_bd22474b85ad1b6f\r\nClass GUID: {4d36e972-e325-11ce-bfc1-08002be10318}\r\nDriver Date: 10/12/2021\r\nDriver Version: 0.10.0.0\r\nDriver Provider: WireGuard LLC\r\nDriver Section: WireGuard.Install\r\nDriver Rank: 0xFF0000\r\nMatching Device ID: WireGuard\r\nOutranked Drivers: \r\nDevice Updated: true\r\nParent Device: HTREE\\ROOT\\0",
        "XML":  "\u003cEvent xmlns=\u0027http://schemas.microsoft.com/win/2004/08/events/event\u0027\u003e\u003cSystem\u003e\u003cProvider Name=\u0027Microsoft-Windows-Kernel-PnP\u0027 Guid=\u0027{9c205a39-1250-487d-abd7-e831c6290539}\u0027/\u003e\u003cEventID\u003e400\u003c/EventID\u003e\u003cVersion\u003e1\u003c/Version\u003e\u003cLevel\u003e4\u003c/Level\u003e\u003cTask\u003e0\u003c/Task\u003e\u003cOpcode\u003e0\u003c/Opcode\u003e\u003cKeywords\u003e0x4000000000000000\u003c/Keywords\u003e\u003cTimeCreated SystemTime=\u00272026-09-12T11:25:49.0180306Z\u0027/\u003e\u003cEventRecordID\u003e8721\u003c/EventRecordID\u003e\u003cCorrelation/\u003e\u003cExecution ProcessID=\u00274\u0027 ThreadID=\u002722896\u0027/\u003e\u003cChannel\u003eMicrosoft-Windows-Kernel-PnP/Configuration\u003c/Channel\u003e\u003cComputer\u003eDingleDerp\u003c/Computer\u003e\u003cSecurity UserID=\u0027S-1-5-18\u0027/\u003e\u003c/System\u003e\u003cEventData\u003e\u003cData Name=\u0027DeviceInstanceId\u0027\u003eSWD\\WireGuard\\{FC01FCD5-2B9D-2FD8-78D8-CB78B313E2B2}\u003c/Data\u003e\u003cData Name=\u0027DriverName\u0027\u003eoem162.inf\u003c/Data\u003e\u003cData Name=\u0027ClassGuid\u0027\u003e{4d36e972-e325-11ce-bfc1-08002be10318}\u003c/Data\u003e\u003cData Name=\u0027DriverDate\u0027\u003e10/12/2021\u003c/Data\u003e\u003cData Name=\u0027DriverVersion\u0027\u003e0.10.0.0\u003c/Data\u003e\u003cData Name=\u0027DriverProvider\u0027\u003eWireGuard LLC\u003c/Data\u003e\u003cData Name=\u0027DriverInbox\u0027\u003efalse\u003c/Data\u003e\u003cData Name=\u0027DriverSection\u0027\u003eWireGuard.Install\u003c/Data\u003e\u003cData Name=\u0027DriverRank\u0027\u003e0xff0000\u003c/Data\u003e\u003cData Name=\u0027MatchingDeviceId\u0027\u003eWireGuard\u003c/Data\u003e\u003cData Name=\u0027OutrankedDrivers\u0027\u003e\u003c/Data\u003e\u003cData Name=\u0027DeviceUpdated\u0027\u003etrue\u003c/Data\u003e\u003cData Name=\u0027Status\u0027\u003e0x0\u003c/Data\u003e\u003cData Name=\u0027ParentDeviceInstanceId\u0027\u003eHTREE\\ROOT\\0\u003c/Data\u003e\u003cData Name=\u0027DriverPackageId\u0027\u003ewireguard.inf_amd64_bd22474b85ad1b6f\u003c/Data\u003e\u003c/EventData\u003e\u003c/Event\u003e"
    },
    {
        "Time":  "2026-09-12T04:25:52.4500298-07:00",
        "Id":  410,
        "Message":  "Device SWD\\WireGuard\\{FC01FCD5-2B9D-2FD8-78D8-CB78B313E2B2} was started.\r\n\r\nDriver Name: oem162.inf\r\nClass GUID: {4d36e972-e325-11ce-bfc1-08002be10318}\r\nService: WireGuard\r\nLower Filters: \r\nUpper Filters: ",
        "XML":  "\u003cEvent xmlns=\u0027http://schemas.microsoft.com/win/2004/08/events/event\u0027\u003e\u003cSystem\u003e\u003cProvider Name=\u0027Microsoft-Windows-Kernel-PnP\u0027 Guid=\u0027{9c205a39-1250-487d-abd7-e831c6290539}\u0027/\u003e\u003cEventID\u003e410\u003c/EventID\u003e\u003cVersion\u003e0\u003c/Version\u003e\u003cLevel\u003e4\u003c/Level\u003e\u003cTask\u003e0\u003c/Task\u003e\u003cOpcode\u003e0\u003c/Opcode\u003e\u003cKeywords\u003e0x4000000000000000\u003c/Keywords\u003e\u003cTimeCreated SystemTime=\u00272026-09-12T11:25:52.4500298Z\u0027/\u003e\u003cEventRecordID\u003e8722\u003c/EventRecordID\u003e\u003cCorrelation/\u003e\u003cExecution ProcessID=\u00274\u0027 ThreadID=\u002720844\u0027/\u003e\u003cChannel\u003eMicrosoft-Windows-Kernel-PnP/Configuration\u003c/Channel\u003e\u003cComputer\u003eDingleDerp\u003c/Computer\u003e\u003cSecurity UserID=\u0027S-1-5-18\u0027/\u003e\u003c/System\u003e\u003cEventData\u003e\u003cData Name=\u0027DeviceInstanceId\u0027\u003eSWD\\WireGuard\\{FC01FCD5-2B9D-2FD8-78D8-CB78B313E2B2}\u003c/Data\u003e\u003cData Name=\u0027DriverName\u0027\u003eoem162.inf\u003c/Data\u003e\u003cData Name=\u0027ClassGuid\u0027\u003e{4d36e972-e325-11ce-bfc1-08002be10318}\u003c/Data\u003e\u003cData Name=\u0027ServiceName\u0027\u003eWireGuard\u003c/Data\u003e\u003cData Name=\u0027LowerFilters\u0027\u003e\u003c/Data\u003e\u003cData Name=\u0027UpperFilters\u0027\u003e\u003c/Data\u003e\u003cData Name=\u0027Problem\u0027\u003e0x0\u003c/Data\u003e\u003cData Name=\u0027Status\u0027\u003e0x0\u003c/Data\u003e\u003c/EventData\u003e\u003c/Event\u003e"
    },
    {
        "Time":  "2026-09-12T04:26:12.8368849-07:00",
        "Id":  400,
        "Message":  "Device ROOT\\VMS_VSMP\\0001 was configured.\r\n\r\nDriver Name: wvms_mp_windows.inf\r\nDriver Package ID: wvms_mp_windows.inf_amd64_ff9a4204bc669b25\r\nClass GUID: {4d36e972-e325-11ce-bfc1-08002be10318}\r\nDriver Date: 06/21/2006\r\nDriver Version: 10.0.26100.1\r\nDriver Provider: Microsoft\r\nDriver Section: VMSVSMP.ndi\r\nDriver Rank: 0xFF0000\r\nMatching Device ID: vms_vsmp\r\nOutranked Drivers: \r\nDevice Updated: true\r\nParent Device: HTREE\\ROOT\\0",
        "XML":  "\u003cEvent xmlns=\u0027http://schemas.microsoft.com/win/2004/08/events/event\u0027\u003e\u003cSystem\u003e\u003cProvider Name=\u0027Microsoft-Windows-Kernel-PnP\u0027 Guid=\u0027{9c205a39-1250-487d-abd7-e831c6290539}\u0027/\u003e\u003cEventID\u003e400\u003c/EventID\u003e\u003cVersion\u003e1\u003c/Version\u003e\u003cLevel\u003e4\u003c/Level\u003e\u003cTask\u003e0\u003c/Task\u003e\u003cOpcode\u003e0\u003c/Opcode\u003e\u003cKeywords\u003e0x4000000000000000\u003c/Keywords\u003e\u003cTimeCreated SystemTime=\u00272026-09-12T11:26:12.8368849Z\u0027/\u003e\u003cEventRecordID\u003e8723\u003c/EventRecordID\u003e\u003cCorrelation/\u003e\u003cExecution ProcessID=\u00274\u0027 ThreadID=\u002722912\u0027/\u003e\u003cChannel\u003eMicrosoft-Windows-Kernel-PnP/Configuration\u003c/Channel\u003e\u003cComputer\u003eDingleDerp\u003c/Computer\u003e\u003cSecurity UserID=\u0027S-1-5-18\u0027/\u003e\u003c/System\u003e\u003cEventData\u003e\u003cData Name=\u0027DeviceInstanceId\u0027\u003eROOT\\VMS_VSMP\\0001\u003c/Data\u003e\u003cData Name=\u0027DriverName\u0027\u003ewvms_mp_windows.inf\u003c/Data\u003e\u003cData Name=\u0027ClassGuid\u0027\u003e{4d36e972-e325-11ce-bfc1-08002be10318}\u003c/Data\u003e\u003cData Name=\u0027DriverDate\u0027\u003e06/21/2006\u003c/Data\u003e\u003cData Name=\u0027DriverVersion\u0027\u003e10.0.26100.1\u003c/Data\u003e\u003cData Name=\u0027DriverProvider\u0027\u003eMicrosoft\u003c/Data\u003e\u003cData Name=\u0027DriverInbox\u0027\u003etrue\u003c/Data\u003e\u003cData Name=\u0027DriverSection\u0027\u003eVMSVSMP.ndi\u003c/Data\u003e\u003cData Name=\u0027DriverRank\u0027\u003e0xff0000\u003c/Data\u003e\u003cData Name=\u0027MatchingDeviceId\u0027\u003evms_vsmp\u003c/Data\u003e\u003cData Name=\u0027OutrankedDrivers\u0027\u003e\u003c/Data\u003e\u003cData Name=\u0027DeviceUpdated\u0027\u003etrue\u003c/Data\u003e\u003cData Name=\u0027Status\u0027\u003e0x0\u003c/Data\u003e\u003cData Name=\u0027ParentDeviceInstanceId\u0027\u003eHTREE\\ROOT\\0\u003c/Data\u003e\u003cData Name=\u0027DriverPackageId\u0027\u003ewvms_mp_windows.inf_amd64_ff9a4204bc669b25\u003c/Data\u003e\u003c/EventData\u003e\u003c/Event\u003e"
    },
    {
        "Time":  "2026-09-12T04:26:12.9630639-07:00",
        "Id":  411,
        "Message":  "Device ROOT\\VMS_VSMP\\0001 had a problem starting.\r\n\r\nDriver Name: wvms_mp_windows.inf\r\nClass GUID: {4d36e972-e325-11ce-bfc1-08002be10318}\r\nService: VMSMP\r\nLower Filters: \r\nUpper Filters: \r\nProblem: 0xA\r\nProblem Status: 0xC0000001",
        "XML":  "\u003cEvent xmlns=\u0027http://schemas.microsoft.com/win/2004/08/events/event\u0027\u003e\u003cSystem\u003e\u003cProvider Name=\u0027Microsoft-Windows-Kernel-PnP\u0027 Guid=\u0027{9c205a39-1250-487d-abd7-e831c6290539}\u0027/\u003e\u003cEventID\u003e411\u003c/EventID\u003e\u003cVersion\u003e0\u003c/Version\u003e\u003cLevel\u003e2\u003c/Level\u003e\u003cTask\u003e0\u003c/Task\u003e\u003cOpcode\u003e0\u003c/Opcode\u003e\u003cKeywords\u003e0x4000000000000000\u003c/Keywords\u003e\u003cTimeCreated SystemTime=\u00272026-09-12T11:26:12.9630639Z\u0027/\u003e\u003cEventRecordID\u003e8724\u003c/EventRecordID\u003e\u003cCorrelation/\u003e\u003cExecution ProcessID=\u00274\u0027 ThreadID=\u002722896\u0027/\u003e\u003cChannel\u003eMicrosoft-Windows-Kernel-PnP/Configuration\u003c/Channel\u003e\u003cComputer\u003eDingleDerp\u003c/Computer\u003e\u003cSecurity UserID=\u0027S-1-5-18\u0027/\u003e\u003c/System\u003e\u003cEventData\u003e\u003cData Name=\u0027DeviceInstanceId\u0027\u003eROOT\\VMS_VSMP\\0001\u003c/Data\u003e\u003cData Name=\u0027DriverName\u0027\u003ewvms_mp_windows.inf\u003c/Data\u003e\u003cData Name=\u0027ClassGuid\u0027\u003e{4d36e972-e325-11ce-bfc1-08002be10318}\u003c/Data\u003e\u003cData Name=\u0027ServiceName\u0027\u003eVMSMP\u003c/Data\u003e\u003cData Name=\u0027LowerFilters\u0027\u003e\u003c/Data\u003e\u003cData Name=\u0027UpperFilters\u0027\u003e\u003c/Data\u003e\u003cData Name=\u0027Problem\u0027\u003e0xa\u003c/Data\u003e\u003cData Name=\u0027Status\u0027\u003e0xc0000001\u003c/Data\u003e\u003c/EventData\u003e\u003c/Event\u003e"
    }
]
