[
    {
        "TimeCreated":  "2026-09-12T04:25:07.1707697-07:00",
        "Provider":  "Microsoft-Windows-Hyper-V-Hypervisor",
        "Id":  167,
        "Level":  "Warning",
        "Message":  "The hypervisor did not enable mitigations for side channel vulnerabilities for virtual machines because HyperThreading is enabled. To enable mitigations for virtual machines, disable HyperThreading.",
        "XML":  "\u003cEvent xmlns=\u0027http://schemas.microsoft.com/win/2004/08/events/event\u0027\u003e\u003cSystem\u003e\u003cProvider Name=\u0027Microsoft-Windows-Hyper-V-Hypervisor\u0027 Guid=\u0027{52fc89f8-995e-434c-a91e-199986449890}\u0027/\u003e\u003cEventID\u003e167\u003c/EventID\u003e\u003cVersion\u003e0\u003c/Version\u003e\u003cLevel\u003e3\u003c/Level\u003e\u003cTask\u003e0\u003c/Task\u003e\u003cOpcode\u003e0\u003c/Opcode\u003e\u003cKeywords\u003e0x8000400000000000\u003c/Keywords\u003e\u003cTimeCreated SystemTime=\u00272026-09-12T11:25:07.1707697Z\u0027/\u003e\u003cEventRecordID\u003e100445\u003c/EventRecordID\u003e\u003cCorrelation/\u003e\u003cExecution ProcessID=\u00274\u0027 ThreadID=\u00278\u0027/\u003e\u003cChannel\u003eSystem\u003c/Channel\u003e\u003cComputer\u003eDingleDerp\u003c/Computer\u003e\u003cSecurity UserID=\u0027S-1-5-18\u0027/\u003e\u003c/System\u003e\u003cEventData\u003e\u003c/EventData\u003e\u003c/Event\u003e"
    },
    {
        "TimeCreated":  "2026-09-12T04:25:09.3785028-07:00",
        "Provider":  "secnvme",
        "Id":  11,
        "Level":  "Information",
        "Message":  "Physical Device 0x144d Samsung SSD 960 PRO 2TB is on-line",
        "XML":  "\u003cEvent xmlns=\u0027http://schemas.microsoft.com/win/2004/08/events/event\u0027\u003e\u003cSystem\u003e\u003cProvider Name=\u0027secnvme\u0027/\u003e\u003cEventID Qualifiers=\u002716385\u0027\u003e11\u003c/EventID\u003e\u003cVersion\u003e0\u003c/Version\u003e\u003cLevel\u003e4\u003c/Level\u003e\u003cTask\u003e0\u003c/Task\u003e\u003cOpcode\u003e0\u003c/Opcode\u003e\u003cKeywords\u003e0x80000000000000\u003c/Keywords\u003e\u003cTimeCreated SystemTime=\u00272026-09-12T11:25:09.3785028Z\u0027/\u003e\u003cEventRecordID\u003e100454\u003c/EventRecordID\u003e\u003cCorrelation/\u003e\u003cExecution ProcessID=\u00274\u0027 ThreadID=\u0027612\u0027/\u003e\u003cChannel\u003eSystem\u003c/Channel\u003e\u003cComputer\u003eDingleDerp\u003c/Computer\u003e\u003cSecurity/\u003e\u003c/System\u003e\u003cEventData\u003e\u003cData\u003e\\Device\\RaidPort1\u003c/Data\u003e\u003cData\u003e144d\u003c/Data\u003e\u003cData\u003eSamsung SSD 960 PRO 2TB\u003c/Data\u003e\u003cBinary\u003e0F00200003004800000000000B00014000000000000000000000000000000000000000000000000001000000200000000B0001400000000000000000000000000000000000000000\u003c/Binary\u003e\u003c/EventData\u003e\u003c/Event\u003e"
    },
    {
        "TimeCreated":  "2026-09-12T04:25:10.1010849-07:00",
        "Provider":  "Microsoft-Windows-Ntfs",
        "Id":  98,
        "Level":  "Information",
        "Message":  "Volume C: (\\Device\\HarddiskVolume3) is healthy.  No action is needed.",
        "XML":  "\u003cEvent xmlns=\u0027http://schemas.microsoft.com/win/2004/08/events/event\u0027\u003e\u003cSystem\u003e\u003cProvider Name=\u0027Microsoft-Windows-Ntfs\u0027 Guid=\u0027{3ff37a1c-a68d-4d6e-8c9b-f79e8b16c482}\u0027/\u003e\u003cEventID\u003e98\u003c/EventID\u003e\u003cVersion\u003e0\u003c/Version\u003e\u003cLevel\u003e4\u003c/Level\u003e\u003cTask\u003e0\u003c/Task\u003e\u003cOpcode\u003e0\u003c/Opcode\u003e\u003cKeywords\u003e0x8000000000000002\u003c/Keywords\u003e\u003cTimeCreated SystemTime=\u00272026-09-12T11:25:10.1010849Z\u0027/\u003e\u003cEventRecordID\u003e100458\u003c/EventRecordID\u003e\u003cCorrelation/\u003e\u003cExecution ProcessID=\u00274\u0027 ThreadID=\u0027596\u0027/\u003e\u003cChannel\u003eSystem\u003c/Channel\u003e\u003cComputer\u003eDingleDerp\u003c/Computer\u003e\u003cSecurity UserID=\u0027S-1-5-18\u0027/\u003e\u003c/System\u003e\u003cEventData\u003e\u003cData Name=\u0027DriveName\u0027\u003eC:\u003c/Data\u003e\u003cData Name=\u0027DeviceName\u0027\u003e\\Device\\HarddiskVolume3\u003c/Data\u003e\u003cData Name=\u0027CorruptionActionState\u0027\u003e0\u003c/Data\u003e\u003c/EventData\u003e\u003c/Event\u003e"
    },
    {
        "TimeCreated":  "2026-09-12T04:25:10.2407813-07:00",
        "Provider":  "Microsoft-Windows-Ntfs",
        "Id":  98,
        "Level":  "Information",
        "Message":  "Volume E: (\\Device\\HarddiskVolume7) is healthy.  No action is needed.",
        "XML":  "\u003cEvent xmlns=\u0027http://schemas.microsoft.com/win/2004/08/events/event\u0027\u003e\u003cSystem\u003e\u003cProvider Name=\u0027Microsoft-Windows-Ntfs\u0027 Guid=\u0027{3ff37a1c-a68d-4d6e-8c9b-f79e8b16c482}\u0027/\u003e\u003cEventID\u003e98\u003c/EventID\u003e\u003cVersion\u003e0\u003c/Version\u003e\u003cLevel\u003e4\u003c/Level\u003e\u003cTask\u003e0\u003c/Task\u003e\u003cOpcode\u003e0\u003c/Opcode\u003e\u003cKeywords\u003e0x8000000000000002\u003c/Keywords\u003e\u003cTimeCreated SystemTime=\u00272026-09-12T11:25:10.2407813Z\u0027/\u003e\u003cEventRecordID\u003e100459\u003c/EventRecordID\u003e\u003cCorrelation/\u003e\u003cExecution ProcessID=\u00274\u0027 ThreadID=\u0027632\u0027/\u003e\u003cChannel\u003eSystem\u003c/Channel\u003e\u003cComputer\u003eDingleDerp\u003c/Computer\u003e\u003cSecurity UserID=\u0027S-1-5-18\u0027/\u003e\u003c/System\u003e\u003cEventData\u003e\u003cData Name=\u0027DriveName\u0027\u003eE:\u003c/Data\u003e\u003cData Name=\u0027DeviceName\u0027\u003e\\Device\\HarddiskVolume7\u003c/Data\u003e\u003cData Name=\u0027CorruptionActionState\u0027\u003e0\u003c/Data\u003e\u003c/EventData\u003e\u003c/Event\u003e"
    },
    {
        "TimeCreated":  "2026-09-12T04:25:10.2676546-07:00",
        "Provider":  "volmgr",
        "Id":  162,
        "Level":  "Error",
        "Message":  "Dump file generation succeded.",
        "XML":  "\u003cEvent xmlns=\u0027http://schemas.microsoft.com/win/2004/08/events/event\u0027\u003e\u003cSystem\u003e\u003cProvider Name=\u0027volmgr\u0027/\u003e\u003cEventID Qualifiers=\u00274\u0027\u003e162\u003c/EventID\u003e\u003cVersion\u003e0\u003c/Version\u003e\u003cLevel\u003e2\u003c/Level\u003e\u003cTask\u003e0\u003c/Task\u003e\u003cOpcode\u003e0\u003c/Opcode\u003e\u003cKeywords\u003e0x80000000000000\u003c/Keywords\u003e\u003cTimeCreated SystemTime=\u00272026-09-12T11:25:10.2676546Z\u0027/\u003e\u003cEventRecordID\u003e100460\u003c/EventRecordID\u003e\u003cCorrelation/\u003e\u003cExecution ProcessID=\u00274\u0027 ThreadID=\u0027596\u0027/\u003e\u003cChannel\u003eSystem\u003c/Channel\u003e\u003cComputer\u003eDingleDerp\u003c/Computer\u003e\u003cSecurity/\u003e\u003c/System\u003e\u003cEventData\u003e\u003cData\u003e\\Device\\HarddiskVolume3\u003c/Data\u003e\u003cBinary\u003e000000000100000000000000A2000400D5AE00000000000000000000000000000000000000000000\u003c/Binary\u003e\u003c/EventData\u003e\u003c/Event\u003e"
    },
    {
        "TimeCreated":  "2026-09-12T04:25:10.3699136-07:00",
        "Provider":  "Microsoft-Windows-Kernel-Power",
        "Id":  125,
        "Level":  "Information",
        "Message":  "ACPI thermal zone \\_TZ.TZ00 has been enumerated.             \r\n_PSV = 0K             \r\n_TC1 = 0             \r\n_TC2 = 0             \r\n_TSP = 0ms             \r\n_AC0 = 353K             \r\n_AC1 = 328K             \r\n_AC2 = 323K             \r\n_AC3 = 318K             \r\n_AC4 = 313K             \r\n_AC5 = 0K             \r\n_AC6 = 0K             \r\n_AC7 = 0K             \r\n_AC8 = 0K             \r\n_AC9 = 0K             \r\n_CRT = 378K             \r\n_HOT = 0K             \r\nminimum throttle = 0             \r\n_CR3 = 0K",
        "XML":  "\u003cEvent xmlns=\u0027http://schemas.microsoft.com/win/2004/08/events/event\u0027\u003e\u003cSystem\u003e\u003cProvider Name=\u0027Microsoft-Windows-Kernel-Power\u0027 Guid=\u0027{331c3b3a-2005-44c2-ac5e-77220c37d6b4}\u0027/\u003e\u003cEventID\u003e125\u003c/EventID\u003e\u003cVersion\u003e4\u003c/Version\u003e\u003cLevel\u003e4\u003c/Level\u003e\u003cTask\u003e86\u003c/Task\u003e\u003cOpcode\u003e0\u003c/Opcode\u003e\u003cKeywords\u003e0x8000000000000020\u003c/Keywords\u003e\u003cTimeCreated SystemTime=\u00272026-09-12T11:25:10.3699136Z\u0027/\u003e\u003cEventRecordID\u003e100466\u003c/EventRecordID\u003e\u003cCorrelation/\u003e\u003cExecution ProcessID=\u00274\u0027 ThreadID=\u00278\u0027/\u003e\u003cChannel\u003eSystem\u003c/Channel\u003e\u003cComputer\u003eDingleDerp\u003c/Computer\u003e\u003cSecurity UserID=\u0027S-1-5-18\u0027/\u003e\u003c/System\u003e\u003cEventData\u003e\u003cData Name=\u0027ThermalZoneDeviceInstanceLength\u0027\u003e9\u003c/Data\u003e\u003cData Name=\u0027ThermalZoneDeviceInstance\u0027\u003e\\_TZ.TZ00\u003c/Data\u003e\u003cData Name=\u0027_PSV\u0027\u003e0\u003c/Data\u003e\u003cData Name=\u0027_TC1\u0027\u003e0\u003c/Data\u003e\u003cData Name=\u0027_TC2\u0027\u003e0\u003c/Data\u003e\u003cData Name=\u0027_TSP\u0027\u003e0\u003c/Data\u003e\u003cData Name=\u0027_AC0\u0027\u003e353\u003c/Data\u003e\u003cData Name=\u0027_AC1\u0027\u003e328\u003c/Data\u003e\u003cData Name=\u0027_AC2\u0027\u003e323\u003c/Data\u003e\u003cData Name=\u0027_AC3\u0027\u003e318\u003c/Data\u003e\u003cData Name=\u0027_AC4\u0027\u003e313\u003c/Data\u003e\u003cData Name=\u0027_AC5\u0027\u003e0\u003c/Data\u003e\u003cData Name=\u0027_AC6\u0027\u003e0\u003c/Data\u003e\u003cData Name=\u0027_AC7\u0027\u003e0\u003c/Data\u003e\u003cData Name=\u0027_AC8\u0027\u003e0\u003c/Data\u003e\u003cData Name=\u0027_AC9\u0027\u003e0\u003c/Data\u003e\u003cData Name=\u0027_CRT\u0027\u003e378\u003c/Data\u003e\u003cData Name=\u0027_HOT\u0027\u003e0\u003c/Data\u003e\u003cData Name=\u0027MinimumThrottle\u0027\u003e0\u003c/Data\u003e\u003cData Name=\u0027_CR3\u0027\u003e0\u003c/Data\u003e\u003cData Name=\u0027OverThrottleThreshold\u0027\u003e0\u003c/Data\u003e\u003cData Name=\u0027DescriptionLength\u0027\u003e0\u003c/Data\u003e\u003cData Name=\u0027Description\u0027\u003e\u003c/Data\u003e\u003cData Name=\u0027_TZP\u0027\u003e0\u003c/Data\u003e\u003c/EventData\u003e\u003c/Event\u003e"
    },
    {
        "TimeCreated":  "2026-09-12T04:25:10.3727673-07:00",
        "Provider":  "Microsoft-Windows-Kernel-Power",
        "Id":  41,
        "Level":  "Critical",
        "Message":  "The system has rebooted without cleanly shutting down first. This error could be caused if the system stopped responding, crashed, or lost power unexpectedly.",
        "XML":  "\u003cEvent xmlns=\u0027http://schemas.microsoft.com/win/2004/08/events/event\u0027\u003e\u003cSystem\u003e\u003cProvider Name=\u0027Microsoft-Windows-Kernel-Power\u0027 Guid=\u0027{331c3b3a-2005-44c2-ac5e-77220c37d6b4}\u0027/\u003e\u003cEventID\u003e41\u003c/EventID\u003e\u003cVersion\u003e10\u003c/Version\u003e\u003cLevel\u003e1\u003c/Level\u003e\u003cTask\u003e63\u003c/Task\u003e\u003cOpcode\u003e0\u003c/Opcode\u003e\u003cKeywords\u003e0x8000400000000002\u003c/Keywords\u003e\u003cTimeCreated SystemTime=\u00272026-09-12T11:25:10.3727673Z\u0027/\u003e\u003cEventRecordID\u003e100467\u003c/EventRecordID\u003e\u003cCorrelation/\u003e\u003cExecution ProcessID=\u00274\u0027 ThreadID=\u00278\u0027/\u003e\u003cChannel\u003eSystem\u003c/Channel\u003e\u003cComputer\u003eDingleDerp\u003c/Computer\u003e\u003cSecurity UserID=\u0027S-1-5-18\u0027/\u003e\u003c/System\u003e\u003cEventData\u003e\u003cData Name=\u0027BugcheckCode\u0027\u003e340\u003c/Data\u003e\u003cData Name=\u0027BugcheckParameter1\u0027\u003e0xffffe70f541ed000\u003c/Data\u003e\u003cData Name=\u0027BugcheckParameter2\u0027\u003e0x0\u003c/Data\u003e\u003cData Name=\u0027BugcheckParameter3\u0027\u003e0x0\u003c/Data\u003e\u003cData Name=\u0027BugcheckParameter4\u0027\u003e0x0\u003c/Data\u003e\u003cData Name=\u0027SleepInProgress\u0027\u003e0\u003c/Data\u003e\u003cData Name=\u0027PowerButtonTimestamp\u0027\u003e0\u003c/Data\u003e\u003cData Name=\u0027BootAppStatus\u0027\u003e0\u003c/Data\u003e\u003cData Name=\u0027Checkpoint\u0027\u003e0\u003c/Data\u003e\u003cData Name=\u0027ConnectedStandbyInProgress\u0027\u003efalse\u003c/Data\u003e\u003cData Name=\u0027SystemSleepTransitionsToOn\u0027\u003e0\u003c/Data\u003e\u003cData Name=\u0027CsEntryScenarioInstanceId\u0027\u003e1\u003c/Data\u003e\u003cData Name=\u0027BugcheckInfoFromEFI\u0027\u003etrue\u003c/Data\u003e\u003cData Name=\u0027CheckpointStatus\u0027\u003e0\u003c/Data\u003e\u003cData Name=\u0027CsEntryScenarioInstanceIdV2\u0027\u003e1\u003c/Data\u003e\u003cData Name=\u0027LongPowerButtonPressDetected\u0027\u003efalse\u003c/Data\u003e\u003cData Name=\u0027LidReliability\u0027\u003efalse\u003c/Data\u003e\u003cData Name=\u0027InputSuppressionState\u0027\u003e0\u003c/Data\u003e\u003cData Name=\u0027PowerButtonSuppressionState\u0027\u003e0\u003c/Data\u003e\u003cData Name=\u0027LidState\u0027\u003e3\u003c/Data\u003e\u003cData Name=\u0027WHEABootErrorCount\u0027\u003e0\u003c/Data\u003e\u003c/EventData\u003e\u003c/Event\u003e"
    },
    {
        "TimeCreated":  "2026-09-12T04:25:10.3729537-07:00",
        "Provider":  "Microsoft-Windows-Kernel-Power",
        "Id":  172,
        "Level":  "Information",
        "Message":  "Connectivity state in standby: Disconnected, Reason: NIC compliance",
        "XML":  "\u003cEvent xmlns=\u0027http://schemas.microsoft.com/win/2004/08/events/event\u0027\u003e\u003cSystem\u003e\u003cProvider Name=\u0027Microsoft-Windows-Kernel-Power\u0027 Guid=\u0027{331c3b3a-2005-44c2-ac5e-77220c37d6b4}\u0027/\u003e\u003cEventID\u003e172\u003c/EventID\u003e\u003cVersion\u003e0\u003c/Version\u003e\u003cLevel\u003e4\u003c/Level\u003e\u003cTask\u003e203\u003c/Task\u003e\u003cOpcode\u003e0\u003c/Opcode\u003e\u003cKeywords\u003e0x8000000000000404\u003c/Keywords\u003e\u003cTimeCreated SystemTime=\u00272026-09-12T11:25:10.3729537Z\u0027/\u003e\u003cEventRecordID\u003e100468\u003c/EventRecordID\u003e\u003cCorrelation/\u003e\u003cExecution ProcessID=\u00274\u0027 ThreadID=\u0027604\u0027/\u003e\u003cChannel\u003eSystem\u003c/Channel\u003e\u003cComputer\u003eDingleDerp\u003c/Computer\u003e\u003cSecurity UserID=\u0027S-1-5-18\u0027/\u003e\u003c/System\u003e\u003cEventData\u003e\u003cData Name=\u0027State\u0027\u003e2\u003c/Data\u003e\u003cData Name=\u0027Reason\u0027\u003e6\u003c/Data\u003e\u003c/EventData\u003e\u003c/Event\u003e"
    },
    {
        "TimeCreated":  "2026-09-12T04:25:10.6139782-07:00",
        "Provider":  "Microsoft-Windows-Ntfs",
        "Id":  98,
        "Level":  "Information",
        "Message":  "Volume D: (\\Device\\HarddiskVolume10) is healthy.  No action is needed.",
        "XML":  "\u003cEvent xmlns=\u0027http://schemas.microsoft.com/win/2004/08/events/event\u0027\u003e\u003cSystem\u003e\u003cProvider Name=\u0027Microsoft-Windows-Ntfs\u0027 Guid=\u0027{3ff37a1c-a68d-4d6e-8c9b-f79e8b16c482}\u0027/\u003e\u003cEventID\u003e98\u003c/EventID\u003e\u003cVersion\u003e0\u003c/Version\u003e\u003cLevel\u003e4\u003c/Level\u003e\u003cTask\u003e0\u003c/Task\u003e\u003cOpcode\u003e0\u003c/Opcode\u003e\u003cKeywords\u003e0x8000000000000002\u003c/Keywords\u003e\u003cTimeCreated SystemTime=\u00272026-09-12T11:25:10.6139782Z\u0027/\u003e\u003cEventRecordID\u003e100469\u003c/EventRecordID\u003e\u003cCorrelation/\u003e\u003cExecution ProcessID=\u00274\u0027 ThreadID=\u0027632\u0027/\u003e\u003cChannel\u003eSystem\u003c/Channel\u003e\u003cComputer\u003eDingleDerp\u003c/Computer\u003e\u003cSecurity UserID=\u0027S-1-5-18\u0027/\u003e\u003c/System\u003e\u003cEventData\u003e\u003cData Name=\u0027DriveName\u0027\u003eD:\u003c/Data\u003e\u003cData Name=\u0027DeviceName\u0027\u003e\\Device\\HarddiskVolume10\u003c/Data\u003e\u003cData Name=\u0027CorruptionActionState\u0027\u003e0\u003c/Data\u003e\u003c/EventData\u003e\u003c/Event\u003e"
    },
    {
        "TimeCreated":  "2026-09-12T04:25:14.7786688-07:00",
        "Provider":  "Microsoft-Windows-Ntfs",
        "Id":  98,
        "Level":  "Information",
        "Message":  "Volume \\\\?\\Volume{94997d7e-31c7-413e-a6a2-05bc1324ac99} (\\Device\\HarddiskVolume8) is healthy.  No action is needed.",
        "XML":  "\u003cEvent xmlns=\u0027http://schemas.microsoft.com/win/2004/08/events/event\u0027\u003e\u003cSystem\u003e\u003cProvider Name=\u0027Microsoft-Windows-Ntfs\u0027 Guid=\u0027{3ff37a1c-a68d-4d6e-8c9b-f79e8b16c482}\u0027/\u003e\u003cEventID\u003e98\u003c/EventID\u003e\u003cVersion\u003e0\u003c/Version\u003e\u003cLevel\u003e4\u003c/Level\u003e\u003cTask\u003e0\u003c/Task\u003e\u003cOpcode\u003e0\u003c/Opcode\u003e\u003cKeywords\u003e0x8000000000000002\u003c/Keywords\u003e\u003cTimeCreated SystemTime=\u00272026-09-12T11:25:14.7786688Z\u0027/\u003e\u003cEventRecordID\u003e100499\u003c/EventRecordID\u003e\u003cCorrelation/\u003e\u003cExecution ProcessID=\u00274\u0027 ThreadID=\u0027592\u0027/\u003e\u003cChannel\u003eSystem\u003c/Channel\u003e\u003cComputer\u003eDingleDerp\u003c/Computer\u003e\u003cSecurity UserID=\u0027S-1-5-18\u0027/\u003e\u003c/System\u003e\u003cEventData\u003e\u003cData Name=\u0027DriveName\u0027\u003e\\\\?\\Volume{94997d7e-31c7-413e-a6a2-05bc1324ac99}\u003c/Data\u003e\u003cData Name=\u0027DeviceName\u0027\u003e\\Device\\HarddiskVolume8\u003c/Data\u003e\u003cData Name=\u0027CorruptionActionState\u0027\u003e0\u003c/Data\u003e\u003c/EventData\u003e\u003c/Event\u003e"
    },
    {
        "TimeCreated":  "2026-09-12T04:25:14.9764785-07:00",
        "Provider":  "Microsoft-Windows-Ntfs",
        "Id":  98,
        "Level":  "Information",
        "Message":  "Volume F: (\\Device\\HarddiskVolume11) is healthy.  No action is needed.",
        "XML":  "\u003cEvent xmlns=\u0027http://schemas.microsoft.com/win/2004/08/events/event\u0027\u003e\u003cSystem\u003e\u003cProvider Name=\u0027Microsoft-Windows-Ntfs\u0027 Guid=\u0027{3ff37a1c-a68d-4d6e-8c9b-f79e8b16c482}\u0027/\u003e\u003cEventID\u003e98\u003c/EventID\u003e\u003cVersion\u003e0\u003c/Version\u003e\u003cLevel\u003e4\u003c/Level\u003e\u003cTask\u003e0\u003c/Task\u003e\u003cOpcode\u003e0\u003c/Opcode\u003e\u003cKeywords\u003e0x8000000000000002\u003c/Keywords\u003e\u003cTimeCreated SystemTime=\u00272026-09-12T11:25:14.9764785Z\u0027/\u003e\u003cEventRecordID\u003e100500\u003c/EventRecordID\u003e\u003cCorrelation/\u003e\u003cExecution ProcessID=\u00274\u0027 ThreadID=\u0027604\u0027/\u003e\u003cChannel\u003eSystem\u003c/Channel\u003e\u003cComputer\u003eDingleDerp\u003c/Computer\u003e\u003cSecurity UserID=\u0027S-1-5-18\u0027/\u003e\u003c/System\u003e\u003cEventData\u003e\u003cData Name=\u0027DriveName\u0027\u003eF:\u003c/Data\u003e\u003cData Name=\u0027DeviceName\u0027\u003e\\Device\\HarddiskVolume11\u003c/Data\u003e\u003cData Name=\u0027CorruptionActionState\u0027\u003e0\u003c/Data\u003e\u003c/EventData\u003e\u003c/Event\u003e"
    },
    {
        "TimeCreated":  "2026-09-12T04:25:15.0013328-07:00",
        "Provider":  "Microsoft-Windows-Ntfs",
        "Id":  98,
        "Level":  "Information",
        "Message":  "Volume \\\\?\\Volume{23a368f8-3b5e-4728-8164-f6ca2df151a7} (\\Device\\HarddiskVolume4) is healthy.  No action is needed.",
        "XML":  "\u003cEvent xmlns=\u0027http://schemas.microsoft.com/win/2004/08/events/event\u0027\u003e\u003cSystem\u003e\u003cProvider Name=\u0027Microsoft-Windows-Ntfs\u0027 Guid=\u0027{3ff37a1c-a68d-4d6e-8c9b-f79e8b16c482}\u0027/\u003e\u003cEventID\u003e98\u003c/EventID\u003e\u003cVersion\u003e0\u003c/Version\u003e\u003cLevel\u003e4\u003c/Level\u003e\u003cTask\u003e0\u003c/Task\u003e\u003cOpcode\u003e0\u003c/Opcode\u003e\u003cKeywords\u003e0x8000000000000002\u003c/Keywords\u003e\u003cTimeCreated SystemTime=\u00272026-09-12T11:25:15.0013328Z\u0027/\u003e\u003cEventRecordID\u003e100501\u003c/EventRecordID\u003e\u003cCorrelation/\u003e\u003cExecution ProcessID=\u00274\u0027 ThreadID=\u0027592\u0027/\u003e\u003cChannel\u003eSystem\u003c/Channel\u003e\u003cComputer\u003eDingleDerp\u003c/Computer\u003e\u003cSecurity UserID=\u0027S-1-5-18\u0027/\u003e\u003c/System\u003e\u003cEventData\u003e\u003cData Name=\u0027DriveName\u0027\u003e\\\\?\\Volume{23a368f8-3b5e-4728-8164-f6ca2df151a7}\u003c/Data\u003e\u003cData Name=\u0027DeviceName\u0027\u003e\\Device\\HarddiskVolume4\u003c/Data\u003e\u003cData Name=\u0027CorruptionActionState\u0027\u003e0\u003c/Data\u003e\u003c/EventData\u003e\u003c/Event\u003e"
    },
    {
        "TimeCreated":  "2026-09-12T04:25:15.1086159-07:00",
        "Provider":  "Microsoft-Windows-DriverFrameworks-UserMode",
        "Id":  10118,
        "Level":  "Information",
        "Message":  "UMDF reflector is unable to connect to service control manager (SCM). This is expected during boot, when SCM has not started yet. Will retry when it starts.",
        "XML":  "\u003cEvent xmlns=\u0027http://schemas.microsoft.com/win/2004/08/events/event\u0027\u003e\u003cSystem\u003e\u003cProvider Name=\u0027Microsoft-Windows-DriverFrameworks-UserMode\u0027 Guid=\u0027{2e35aaeb-857f-4beb-a418-2e6c0e54d988}\u0027/\u003e\u003cEventID\u003e10118\u003c/EventID\u003e\u003cVersion\u003e1\u003c/Version\u003e\u003cLevel\u003e4\u003c/Level\u003e\u003cTask\u003e101\u003c/Task\u003e\u003cOpcode\u003e0\u003c/Opcode\u003e\u003cKeywords\u003e0x2000000000000000\u003c/Keywords\u003e\u003cTimeCreated SystemTime=\u00272026-09-12T11:25:15.1086159Z\u0027/\u003e\u003cEventRecordID\u003e100502\u003c/EventRecordID\u003e\u003cCorrelation/\u003e\u003cExecution ProcessID=\u00274\u0027 ThreadID=\u0027608\u0027/\u003e\u003cChannel\u003eSystem\u003c/Channel\u003e\u003cComputer\u003eDingleDerp\u003c/Computer\u003e\u003cSecurity UserID=\u0027S-1-5-18\u0027/\u003e\u003c/System\u003e\u003cEventData\u003e\u003c/EventData\u003e\u003c/Event\u003e"
    },
    {
        "TimeCreated":  "2026-09-12T04:25:15.1099074-07:00",
        "Provider":  "Microsoft-Windows-Kernel-PnP",
        "Id":  219,
        "Level":  "Warning",
        "Message":  "The driver \\Driver\\WUDFRd failed to load.\r\nDevice: PCI\\VEN_8086\u0026DEV_1137\u0026SUBSYS_104387F6\u0026REV_00\\ABD971388BB7D00000\r\nStatus: 0xC0000365",
        "XML":  "\u003cEvent xmlns=\u0027http://schemas.microsoft.com/win/2004/08/events/event\u0027\u003e\u003cSystem\u003e\u003cProvider Name=\u0027Microsoft-Windows-Kernel-PnP\u0027 Guid=\u0027{9c205a39-1250-487d-abd7-e831c6290539}\u0027/\u003e\u003cEventID\u003e219\u003c/EventID\u003e\u003cVersion\u003e0\u003c/Version\u003e\u003cLevel\u003e3\u003c/Level\u003e\u003cTask\u003e212\u003c/Task\u003e\u003cOpcode\u003e0\u003c/Opcode\u003e\u003cKeywords\u003e0x8000000000002000\u003c/Keywords\u003e\u003cTimeCreated SystemTime=\u00272026-09-12T11:25:15.1099074Z\u0027/\u003e\u003cEventRecordID\u003e100503\u003c/EventRecordID\u003e\u003cCorrelation/\u003e\u003cExecution ProcessID=\u00274\u0027 ThreadID=\u0027608\u0027/\u003e\u003cChannel\u003eSystem\u003c/Channel\u003e\u003cComputer\u003eDingleDerp\u003c/Computer\u003e\u003cSecurity UserID=\u0027S-1-5-18\u0027/\u003e\u003c/System\u003e\u003cEventData\u003e\u003cData Name=\u0027DriverNameLength\u0027\u003e63\u003c/Data\u003e\u003cData Name=\u0027DriverName\u0027\u003ePCI\\VEN_8086\u0026amp;DEV_1137\u0026amp;SUBSYS_104387F6\u0026amp;REV_00\\ABD971388BB7D00000\u003c/Data\u003e\u003cData Name=\u0027Status\u0027\u003e3221226341\u003c/Data\u003e\u003cData Name=\u0027FailureNameLength\u0027\u003e14\u003c/Data\u003e\u003cData Name=\u0027FailureName\u0027\u003e\\Driver\\WUDFRd\u003c/Data\u003e\u003cData Name=\u0027Version\u0027\u003e0\u003c/Data\u003e\u003c/EventData\u003e\u003c/Event\u003e"
    },
    {
        "TimeCreated":  "2026-09-12T04:25:15.1954230-07:00",
        "Provider":  "Microsoft-Windows-DriverFrameworks-UserMode",
        "Id":  10118,
        "Level":  "Information",
        "Message":  "UMDF reflector is unable to connect to service control manager (SCM). This is expected during boot, when SCM has not started yet. Will retry when it starts.",
        "XML":  "\u003cEvent xmlns=\u0027http://schemas.microsoft.com/win/2004/08/events/event\u0027\u003e\u003cSystem\u003e\u003cProvider Name=\u0027Microsoft-Windows-DriverFrameworks-UserMode\u0027 Guid=\u0027{2e35aaeb-857f-4beb-a418-2e6c0e54d988}\u0027/\u003e\u003cEventID\u003e10118\u003c/EventID\u003e\u003cVersion\u003e1\u003c/Version\u003e\u003cLevel\u003e4\u003c/Level\u003e\u003cTask\u003e101\u003c/Task\u003e\u003cOpcode\u003e0\u003c/Opcode\u003e\u003cKeywords\u003e0x2000000000000000\u003c/Keywords\u003e\u003cTimeCreated SystemTime=\u00272026-09-12T11:25:15.1954230Z\u0027/\u003e\u003cEventRecordID\u003e100505\u003c/EventRecordID\u003e\u003cCorrelation/\u003e\u003cExecution ProcessID=\u00274\u0027 ThreadID=\u0027608\u0027/\u003e\u003cChannel\u003eSystem\u003c/Channel\u003e\u003cComputer\u003eDingleDerp\u003c/Computer\u003e\u003cSecurity UserID=\u0027S-1-5-18\u0027/\u003e\u003c/System\u003e\u003cEventData\u003e\u003c/EventData\u003e\u003c/Event\u003e"
    },
    {
        "TimeCreated":  "2026-09-12T04:25:15.1965933-07:00",
        "Provider":  "Microsoft-Windows-Kernel-PnP",
        "Id":  219,
        "Level":  "Warning",
        "Message":  "The driver \\Driver\\WUDFRd failed to load.\r\nDevice: ROOT\\SYSTEM\\0003\r\nStatus: 0xC0000365",
        "XML":  "\u003cEvent xmlns=\u0027http://schemas.microsoft.com/win/2004/08/events/event\u0027\u003e\u003cSystem\u003e\u003cProvider Name=\u0027Microsoft-Windows-Kernel-PnP\u0027 Guid=\u0027{9c205a39-1250-487d-abd7-e831c6290539}\u0027/\u003e\u003cEventID\u003e219\u003c/EventID\u003e\u003cVersion\u003e0\u003c/Version\u003e\u003cLevel\u003e3\u003c/Level\u003e\u003cTask\u003e212\u003c/Task\u003e\u003cOpcode\u003e0\u003c/Opcode\u003e\u003cKeywords\u003e0x8000000000002000\u003c/Keywords\u003e\u003cTimeCreated SystemTime=\u00272026-09-12T11:25:15.1965933Z\u0027/\u003e\u003cEventRecordID\u003e100506\u003c/EventRecordID\u003e\u003cCorrelation/\u003e\u003cExecution ProcessID=\u00274\u0027 ThreadID=\u0027608\u0027/\u003e\u003cChannel\u003eSystem\u003c/Channel\u003e\u003cComputer\u003eDingleDerp\u003c/Computer\u003e\u003cSecurity UserID=\u0027S-1-5-18\u0027/\u003e\u003c/System\u003e\u003cEventData\u003e\u003cData Name=\u0027DriverNameLength\u0027\u003e16\u003c/Data\u003e\u003cData Name=\u0027DriverName\u0027\u003eROOT\\SYSTEM\\0003\u003c/Data\u003e\u003cData Name=\u0027Status\u0027\u003e3221226341\u003c/Data\u003e\u003cData Name=\u0027FailureNameLength\u0027\u003e14\u003c/Data\u003e\u003cData Name=\u0027FailureName\u0027\u003e\\Driver\\WUDFRd\u003c/Data\u003e\u003cData Name=\u0027Version\u0027\u003e0\u003c/Data\u003e\u003c/EventData\u003e\u003c/Event\u003e"
    },
    {
        "TimeCreated":  "2026-09-12T04:25:15.5713264-07:00",
        "Provider":  "e2fnexpress",
        "Id":  27,
        "Level":  "Warning",
        "Message":  "Intel(R) Ethernet Controller I226-V\r\n Network link is disconnected.\r\n",
        "XML":  "\u003cEvent xmlns=\u0027http://schemas.microsoft.com/win/2004/08/events/event\u0027\u003e\u003cSystem\u003e\u003cProvider Name=\u0027e2fnexpress\u0027/\u003e\u003cEventID Qualifiers=\u002740964\u0027\u003e27\u003c/EventID\u003e\u003cVersion\u003e0\u003c/Version\u003e\u003cLevel\u003e3\u003c/Level\u003e\u003cTask\u003e0\u003c/Task\u003e\u003cOpcode\u003e0\u003c/Opcode\u003e\u003cKeywords\u003e0x80000000000000\u003c/Keywords\u003e\u003cTimeCreated SystemTime=\u00272026-09-12T11:25:15.5713264Z\u0027/\u003e\u003cEventRecordID\u003e100539\u003c/EventRecordID\u003e\u003cCorrelation/\u003e\u003cExecution ProcessID=\u00274\u0027 ThreadID=\u0027384\u0027/\u003e\u003cChannel\u003eSystem\u003c/Channel\u003e\u003cComputer\u003eDingleDerp\u003c/Computer\u003e\u003cSecurity/\u003e\u003c/System\u003e\u003cEventData\u003e\u003cData\u003e\u003c/Data\u003e\u003cData\u003eIntel(R) Ethernet Controller I226-V\u003c/Data\u003e\u003cBinary\u003e0000000002002800000000001B0004A0000000000000000000000000000000000000000000000000\u003c/Binary\u003e\u003c/EventData\u003e\u003c/Event\u003e"
    },
    {
        "TimeCreated":  "2026-09-12T04:25:17.4613696-07:00",
        "Provider":  "BTHUSB",
        "Id":  18,
        "Level":  "Information",
        "Message":  "Windows cannot store Bluetooth authentication codes (link keys) on the local adapter. Bluetooth keyboards might not work in the system BIOS during startup.",
        "XML":  "\u003cEvent xmlns=\u0027http://schemas.microsoft.com/win/2004/08/events/event\u0027\u003e\u003cSystem\u003e\u003cProvider Name=\u0027BTHUSB\u0027/\u003e\u003cEventID Qualifiers=\u002716389\u0027\u003e18\u003c/EventID\u003e\u003cVersion\u003e0\u003c/Version\u003e\u003cLevel\u003e4\u003c/Level\u003e\u003cTask\u003e0\u003c/Task\u003e\u003cOpcode\u003e0\u003c/Opcode\u003e\u003cKeywords\u003e0x80000000000000\u003c/Keywords\u003e\u003cTimeCreated SystemTime=\u00272026-09-12T11:25:17.4613696Z\u0027/\u003e\u003cEventRecordID\u003e100546\u003c/EventRecordID\u003e\u003cCorrelation/\u003e\u003cExecution ProcessID=\u00274\u0027 ThreadID=\u0027620\u0027/\u003e\u003cChannel\u003eSystem\u003c/Channel\u003e\u003cComputer\u003eDingleDerp\u003c/Computer\u003e\u003cSecurity/\u003e\u003c/System\u003e\u003cEventData\u003e\u003cData\u003e\u003c/Data\u003e\u003cBinary\u003e000008000100000000000000120005400000000000000000000000000000000000000000000000000000000000000000\u003c/Binary\u003e\u003c/EventData\u003e\u003c/Event\u003e"
    },
    {
        "TimeCreated":  "2026-09-12T04:25:21.0708476-07:00",
        "Provider":  "Microsoft-Windows-DriverFrameworks-UserMode",
        "Id":  10118,
        "Level":  "Information",
        "Message":  "UMDF reflector is unable to connect to service control manager (SCM). This is expected during boot, when SCM has not started yet. Will retry when it starts.",
        "XML":  "\u003cEvent xmlns=\u0027http://schemas.microsoft.com/win/2004/08/events/event\u0027\u003e\u003cSystem\u003e\u003cProvider Name=\u0027Microsoft-Windows-DriverFrameworks-UserMode\u0027 Guid=\u0027{2e35aaeb-857f-4beb-a418-2e6c0e54d988}\u0027/\u003e\u003cEventID\u003e10118\u003c/EventID\u003e\u003cVersion\u003e1\u003c/Version\u003e\u003cLevel\u003e4\u003c/Level\u003e\u003cTask\u003e101\u003c/Task\u003e\u003cOpcode\u003e0\u003c/Opcode\u003e\u003cKeywords\u003e0x2000000000000000\u003c/Keywords\u003e\u003cTimeCreated SystemTime=\u00272026-09-12T11:25:21.0708476Z\u0027/\u003e\u003cEventRecordID\u003e100547\u003c/EventRecordID\u003e\u003cCorrelation/\u003e\u003cExecution ProcessID=\u00274\u0027 ThreadID=\u0027608\u0027/\u003e\u003cChannel\u003eSystem\u003c/Channel\u003e\u003cComputer\u003eDingleDerp\u003c/Computer\u003e\u003cSecurity UserID=\u0027S-1-5-18\u0027/\u003e\u003c/System\u003e\u003cEventData\u003e\u003c/EventData\u003e\u003c/Event\u003e"
    },
    {
        "TimeCreated":  "2026-09-12T04:25:21.0715701-07:00",
        "Provider":  "Microsoft-Windows-Kernel-PnP",
        "Id":  219,
        "Level":  "Warning",
        "Message":  "The driver \\Driver\\WUDFRd failed to load.\r\nDevice: HID\\VID_17A0\u0026PID_0310\u0026MI_03\u0026Col02\\8\u0026382250cf\u00260\u00260001\r\nStatus: 0xC0000365",
        "XML":  "\u003cEvent xmlns=\u0027http://schemas.microsoft.com/win/2004/08/events/event\u0027\u003e\u003cSystem\u003e\u003cProvider Name=\u0027Microsoft-Windows-Kernel-PnP\u0027 Guid=\u0027{9c205a39-1250-487d-abd7-e831c6290539}\u0027/\u003e\u003cEventID\u003e219\u003c/EventID\u003e\u003cVersion\u003e0\u003c/Version\u003e\u003cLevel\u003e3\u003c/Level\u003e\u003cTask\u003e212\u003c/Task\u003e\u003cOpcode\u003e0\u003c/Opcode\u003e\u003cKeywords\u003e0x8000000000002000\u003c/Keywords\u003e\u003cTimeCreated SystemTime=\u00272026-09-12T11:25:21.0715701Z\u0027/\u003e\u003cEventRecordID\u003e100548\u003c/EventRecordID\u003e\u003cCorrelation/\u003e\u003cExecution ProcessID=\u00274\u0027 ThreadID=\u0027608\u0027/\u003e\u003cChannel\u003eSystem\u003c/Channel\u003e\u003cComputer\u003eDingleDerp\u003c/Computer\u003e\u003cSecurity UserID=\u0027S-1-5-18\u0027/\u003e\u003c/System\u003e\u003cEventData\u003e\u003cData Name=\u0027DriverNameLength\u0027\u003e51\u003c/Data\u003e\u003cData Name=\u0027DriverName\u0027\u003eHID\\VID_17A0\u0026amp;PID_0310\u0026amp;MI_03\u0026amp;Col02\\8\u0026amp;382250cf\u0026amp;0\u0026amp;0001\u003c/Data\u003e\u003cData Name=\u0027Status\u0027\u003e3221226341\u003c/Data\u003e\u003cData Name=\u0027FailureNameLength\u0027\u003e14\u003c/Data\u003e\u003cData Name=\u0027FailureName\u0027\u003e\\Driver\\WUDFRd\u003c/Data\u003e\u003cData Name=\u0027Version\u0027\u003e0\u003c/Data\u003e\u003c/EventData\u003e\u003c/Event\u003e"
    },
    {
        "TimeCreated":  "2026-09-12T04:25:23.7070718-07:00",
        "Provider":  "EventLog",
        "Id":  6008,
        "Level":  "Error",
        "Message":  "The previous system shutdown at 4:23:28 AM on ‎9/‎12/‎2026 was unexpected.",
        "XML":  "\u003cEvent xmlns=\u0027http://schemas.microsoft.com/win/2004/08/events/event\u0027\u003e\u003cSystem\u003e\u003cProvider Name=\u0027EventLog\u0027/\u003e\u003cEventID Qualifiers=\u002732768\u0027\u003e6008\u003c/EventID\u003e\u003cVersion\u003e0\u003c/Version\u003e\u003cLevel\u003e2\u003c/Level\u003e\u003cTask\u003e0\u003c/Task\u003e\u003cOpcode\u003e0\u003c/Opcode\u003e\u003cKeywords\u003e0x80000000000000\u003c/Keywords\u003e\u003cTimeCreated SystemTime=\u00272026-09-12T11:25:23.7070718Z\u0027/\u003e\u003cEventRecordID\u003e100446\u003c/EventRecordID\u003e\u003cCorrelation/\u003e\u003cExecution ProcessID=\u00274348\u0027 ThreadID=\u00274388\u0027/\u003e\u003cChannel\u003eSystem\u003c/Channel\u003e\u003cComputer\u003eDingleDerp\u003c/Computer\u003e\u003cSecurity/\u003e\u003c/System\u003e\u003cEventData\u003e\u003cData\u003e4:23:28 AM\u003c/Data\u003e\u003cData\u003e‎9/‎12/‎2026\u003c/Data\u003e\u003cData\u003e\u003c/Data\u003e\u003cData\u003e\u003c/Data\u003e\u003cData\u003e33436\u003c/Data\u003e\u003cData\u003e\u003c/Data\u003e\u003cData\u003e\u003c/Data\u003e\u003cBinary\u003eEA07090006000C00040017001C00DA00EA07090006000C000B0017001C00DA003C0000003C000000000000000000000000000000000000000000000000000000\u003c/Binary\u003e\u003c/EventData\u003e\u003c/Event\u003e"
    },
    {
        "TimeCreated":  "2026-09-12T04:25:23.7791076-07:00",
        "Provider":  "Microsoft-Windows-DistributedCOM",
        "Id":  10016,
        "Level":  "Warning",
        "Message":  "The application-specific permission settings do not grant Local Activation permission for the COM Server application with CLSID \r\n{9EA82395-E31B-41CA-8DF7-EC1CEE7194DF}\r\n and APPID \r\n{2ED83BAA-B2FD-43B1-99BF-E6149C622692}\r\n to the user NT AUTHORITY\\NETWORK SERVICE SID (S-1-5-20) from address LocalHost (Using LRPC) running in the application container Unavailable SID (Unavailable). This security permission can be modified using the Component Services administrative tool.",
        "XML":  "\u003cEvent xmlns=\u0027http://schemas.microsoft.com/win/2004/08/events/event\u0027\u003e\u003cSystem\u003e\u003cProvider Name=\u0027Microsoft-Windows-DistributedCOM\u0027 Guid=\u0027{1B562E86-B7AA-4131-BADC-B6F3A001407E}\u0027 EventSourceName=\u0027DCOM\u0027/\u003e\u003cEventID Qualifiers=\u00270\u0027\u003e10016\u003c/EventID\u003e\u003cVersion\u003e0\u003c/Version\u003e\u003cLevel\u003e3\u003c/Level\u003e\u003cTask\u003e0\u003c/Task\u003e\u003cOpcode\u003e0\u003c/Opcode\u003e\u003cKeywords\u003e0x8080000000000000\u003c/Keywords\u003e\u003cTimeCreated SystemTime=\u00272026-09-12T11:25:23.7791076Z\u0027/\u003e\u003cEventRecordID\u003e100595\u003c/EventRecordID\u003e\u003cCorrelation ActivityID=\u0027{5d31fc33-42a9-0004-1ffe-315da942dd01}\u0027/\u003e\u003cExecution ProcessID=\u00272260\u0027 ThreadID=\u00272872\u0027/\u003e\u003cChannel\u003eSystem\u003c/Channel\u003e\u003cComputer\u003eDingleDerp\u003c/Computer\u003e\u003cSecurity UserID=\u0027S-1-5-20\u0027/\u003e\u003c/System\u003e\u003cEventData\u003e\u003cData Name=\u0027param1\u0027\u003eapplication-specific\u003c/Data\u003e\u003cData Name=\u0027param2\u0027\u003eLocal\u003c/Data\u003e\u003cData Name=\u0027param3\u0027\u003eActivation\u003c/Data\u003e\u003cData Name=\u0027param4\u0027\u003e{9EA82395-E31B-41CA-8DF7-EC1CEE7194DF}\u003c/Data\u003e\u003cData Name=\u0027param5\u0027\u003e{2ED83BAA-B2FD-43B1-99BF-E6149C622692}\u003c/Data\u003e\u003cData Name=\u0027param6\u0027\u003eNT AUTHORITY\u003c/Data\u003e\u003cData Name=\u0027param7\u0027\u003eNETWORK SERVICE\u003c/Data\u003e\u003cData Name=\u0027param8\u0027\u003eS-1-5-20\u003c/Data\u003e\u003cData Name=\u0027param9\u0027\u003eLocalHost (Using LRPC)\u003c/Data\u003e\u003cData Name=\u0027param10\u0027\u003eUnavailable\u003c/Data\u003e\u003cData Name=\u0027param11\u0027\u003eUnavailable\u003c/Data\u003e\u003c/EventData\u003e\u003c/Event\u003e"
    },
    {
        "TimeCreated":  "2026-09-12T04:25:24.5366522-07:00",
        "Provider":  "Microsoft-Windows-WER-SystemErrorReporting",
        "Id":  1001,
        "Level":  "Error",
        "Message":  "The computer has rebooted from a bugcheck.  The bugcheck was: 0x00000154 (0xffffe70f541ed000, 0xfffffc8bec01dd70, 0x0000000000000002, 0x0000000000000000). A dump was saved in: E:\\CrashDumps\\MEMORY.DMP. Report Id: 17233a0e-686b-4c58-943c-46b9a38598b3.",
        "XML":  "\u003cEvent xmlns=\u0027http://schemas.microsoft.com/win/2004/08/events/event\u0027\u003e\u003cSystem\u003e\u003cProvider Name=\u0027Microsoft-Windows-WER-SystemErrorReporting\u0027 Guid=\u0027{abce23e7-de45-4366-8631-84fa6c525952}\u0027/\u003e\u003cEventID\u003e1001\u003c/EventID\u003e\u003cVersion\u003e1\u003c/Version\u003e\u003cLevel\u003e2\u003c/Level\u003e\u003cTask\u003e0\u003c/Task\u003e\u003cOpcode\u003e0\u003c/Opcode\u003e\u003cKeywords\u003e0x8000000000000000\u003c/Keywords\u003e\u003cTimeCreated SystemTime=\u00272026-09-12T11:25:24.5366522Z\u0027/\u003e\u003cEventRecordID\u003e100596\u003c/EventRecordID\u003e\u003cCorrelation/\u003e\u003cExecution ProcessID=\u00271988\u0027 ThreadID=\u00271992\u0027/\u003e\u003cChannel\u003eSystem\u003c/Channel\u003e\u003cComputer\u003eDingleDerp\u003c/Computer\u003e\u003cSecurity UserID=\u0027S-1-5-18\u0027/\u003e\u003c/System\u003e\u003cEventData\u003e\u003cData Name=\u0027param1\u0027\u003e0x00000154 (0xffffe70f541ed000, 0xfffffc8bec01dd70, 0x0000000000000002, 0x0000000000000000)\u003c/Data\u003e\u003cData Name=\u0027param2\u0027\u003eE:\\CrashDumps\\MEMORY.DMP\u003c/Data\u003e\u003cData Name=\u0027param3\u0027\u003e17233a0e-686b-4c58-943c-46b9a38598b3\u003c/Data\u003e\u003c/EventData\u003e\u003c/Event\u003e"
    },
    {
        "TimeCreated":  "2026-09-12T04:25:25.5066989-07:00",
        "Provider":  "Service Control Manager",
        "Id":  7000,
        "Level":  "Error",
        "Message":  "The CamoService service failed to start due to the following error: \r\nThe system cannot find the file specified.",
        "XML":  "\u003cEvent xmlns=\u0027http://schemas.microsoft.com/win/2004/08/events/event\u0027\u003e\u003cSystem\u003e\u003cProvider Name=\u0027Service Control Manager\u0027 Guid=\u0027{555908d1-a6d7-4695-8e1e-26931d2012f4}\u0027 EventSourceName=\u0027Service Control Manager\u0027/\u003e\u003cEventID Qualifiers=\u002749152\u0027\u003e7000\u003c/EventID\u003e\u003cVersion\u003e0\u003c/Version\u003e\u003cLevel\u003e2\u003c/Level\u003e\u003cTask\u003e0\u003c/Task\u003e\u003cOpcode\u003e0\u003c/Opcode\u003e\u003cKeywords\u003e0x8080000000000000\u003c/Keywords\u003e\u003cTimeCreated SystemTime=\u00272026-09-12T11:25:25.5066989Z\u0027/\u003e\u003cEventRecordID\u003e100602\u003c/EventRecordID\u003e\u003cCorrelation/\u003e\u003cExecution ProcessID=\u00271968\u0027 ThreadID=\u00278884\u0027/\u003e\u003cChannel\u003eSystem\u003c/Channel\u003e\u003cComputer\u003eDingleDerp\u003c/Computer\u003e\u003cSecurity/\u003e\u003c/System\u003e\u003cEventData\u003e\u003cData Name=\u0027param1\u0027\u003eCamoService\u003c/Data\u003e\u003cData Name=\u0027param2\u0027\u003e%%2\u003c/Data\u003e\u003cBinary\u003e430061006D006F0053006500720076006900630065000000\u003c/Binary\u003e\u003c/EventData\u003e\u003c/Event\u003e"
    },
    {
        "TimeCreated":  "2026-09-12T04:25:25.5602889-07:00",
        "Provider":  "SNMP",
        "Id":  1500,
        "Level":  "Error",
        "Message":  "The SNMP Service encountered an error while accessing the registry key SYSTEM\\CurrentControlSet\\Services\\SNMP\\Parameters\\TrapConfiguration.",
        "XML":  "\u003cEvent xmlns=\u0027http://schemas.microsoft.com/win/2004/08/events/event\u0027\u003e\u003cSystem\u003e\u003cProvider Name=\u0027SNMP\u0027/\u003e\u003cEventID Qualifiers=\u002749407\u0027\u003e1500\u003c/EventID\u003e\u003cVersion\u003e0\u003c/Version\u003e\u003cLevel\u003e2\u003c/Level\u003e\u003cTask\u003e0\u003c/Task\u003e\u003cOpcode\u003e0\u003c/Opcode\u003e\u003cKeywords\u003e0x80000000000000\u003c/Keywords\u003e\u003cTimeCreated SystemTime=\u00272026-09-12T11:25:25.5602889Z\u0027/\u003e\u003cEventRecordID\u003e100597\u003c/EventRecordID\u003e\u003cCorrelation/\u003e\u003cExecution ProcessID=\u00279500\u0027 ThreadID=\u00270\u0027/\u003e\u003cChannel\u003eSystem\u003c/Channel\u003e\u003cComputer\u003eDingleDerp\u003c/Computer\u003e\u003cSecurity/\u003e\u003c/System\u003e\u003cEventData\u003e\u003cData\u003eSYSTEM\\CurrentControlSet\\Services\\SNMP\\Parameters\\TrapConfiguration\u003c/Data\u003e\u003cBinary\u003e02000000\u003c/Binary\u003e\u003c/EventData\u003e\u003c/Event\u003e"
    },
    {
        "TimeCreated":  "2026-09-12T04:25:25.5613133-07:00",
        "Provider":  "Microsoft-Windows-DeviceAssociationService",
        "Id":  3502,
        "Level":  "Error",
        "Message":  "Device Disassociation (Unpairing) Failed.",
        "XML":  "\u003cEvent xmlns=\u0027http://schemas.microsoft.com/win/2004/08/events/event\u0027\u003e\u003cSystem\u003e\u003cProvider Name=\u0027Microsoft-Windows-DeviceAssociationService\u0027 Guid=\u0027{56c71c31-cfbd-4cdd-8559-505e042bbbe1}\u0027/\u003e\u003cEventID\u003e3502\u003c/EventID\u003e\u003cVersion\u003e0\u003c/Version\u003e\u003cLevel\u003e2\u003c/Level\u003e\u003cTask\u003e7000\u003c/Task\u003e\u003cOpcode\u003e0\u003c/Opcode\u003e\u003cKeywords\u003e0x4000000000000012\u003c/Keywords\u003e\u003cTimeCreated SystemTime=\u00272026-09-12T11:25:25.5613133Z\u0027/\u003e\u003cEventRecordID\u003e100603\u003c/EventRecordID\u003e\u003cCorrelation ActivityID=\u0027{5d31fc33-42a9-000c-78ff-315da942dd01}\u0027/\u003e\u003cExecution ProcessID=\u00273584\u0027 ThreadID=\u00276532\u0027/\u003e\u003cChannel\u003eSystem\u003c/Channel\u003e\u003cComputer\u003eDingleDerp\u003c/Computer\u003e\u003cSecurity UserID=\u0027S-1-5-18\u0027/\u003e\u003c/System\u003e\u003cEventData\u003e\u003cData Name=\u0027AepId\u0027\u003eEsclUsb#{bfc536c1-49eb-50a5-b700-ac7ff400f6fb}\u003c/Data\u003e\u003cData Name=\u0027ClientProcessName\u0027\u003eC:\\Windows\\System32\\spoolsv.exe\u003c/Data\u003e\u003cData Name=\u0027ClientPid\u0027\u003e5316\u003c/Data\u003e\u003cData Name=\u0027AssociationError\u0027\u003e0\u003c/Data\u003e\u003cData Name=\u0027ProtocolError\u0027\u003e2154037265\u003c/Data\u003e\u003c/EventData\u003e\u003c/Event\u003e"
    },
    {
        "TimeCreated":  "2026-09-12T04:25:27.9621646-07:00",
        "Provider":  "Microsoft-Windows-Ntfs",
        "Id":  98,
        "Level":  "Information",
        "Message":  "Volume \\\\?\\Volume{53ebea8c-a069-4a67-b3e0-ad94e7e433ee} (\\Device\\HarddiskVolume13) is healthy.  No action is needed.",
        "XML":  "\u003cEvent xmlns=\u0027http://schemas.microsoft.com/win/2004/08/events/event\u0027\u003e\u003cSystem\u003e\u003cProvider Name=\u0027Microsoft-Windows-Ntfs\u0027 Guid=\u0027{3ff37a1c-a68d-4d6e-8c9b-f79e8b16c482}\u0027/\u003e\u003cEventID\u003e98\u003c/EventID\u003e\u003cVersion\u003e0\u003c/Version\u003e\u003cLevel\u003e4\u003c/Level\u003e\u003cTask\u003e0\u003c/Task\u003e\u003cOpcode\u003e0\u003c/Opcode\u003e\u003cKeywords\u003e0x8000000000000002\u003c/Keywords\u003e\u003cTimeCreated SystemTime=\u00272026-09-12T11:25:27.9621646Z\u0027/\u003e\u003cEventRecordID\u003e100616\u003c/EventRecordID\u003e\u003cCorrelation/\u003e\u003cExecution ProcessID=\u00274\u0027 ThreadID=\u0027260\u0027/\u003e\u003cChannel\u003eSystem\u003c/Channel\u003e\u003cComputer\u003eDingleDerp\u003c/Computer\u003e\u003cSecurity UserID=\u0027S-1-5-18\u0027/\u003e\u003c/System\u003e\u003cEventData\u003e\u003cData Name=\u0027DriveName\u0027\u003e\\\\?\\Volume{53ebea8c-a069-4a67-b3e0-ad94e7e433ee}\u003c/Data\u003e\u003cData Name=\u0027DeviceName\u0027\u003e\\Device\\HarddiskVolume13\u003c/Data\u003e\u003cData Name=\u0027CorruptionActionState\u0027\u003e0\u003c/Data\u003e\u003c/EventData\u003e\u003c/Event\u003e"
    },
    {
        "TimeCreated":  "2026-09-12T04:25:32.3653390-07:00",
        "Provider":  "Microsoft-Windows-DistributedCOM",
        "Id":  10016,
        "Level":  "Warning",
        "Message":  "The application-specific permission settings do not grant Local Activation permission for the COM Server application with CLSID \r\n{6B3B8D23-FA8D-40B9-8DBD-B950333E2C52}\r\n and APPID \r\n{4839DDB7-58C2-48F5-8283-E1D1807D0D7D}\r\n to the user NT AUTHORITY\\LOCAL SERVICE SID (S-1-5-19) from address LocalHost (Using LRPC) running in the application container Unavailable SID (Unavailable). This security permission can be modified using the Component Services administrative tool.",
        "XML":  "\u003cEvent xmlns=\u0027http://schemas.microsoft.com/win/2004/08/events/event\u0027\u003e\u003cSystem\u003e\u003cProvider Name=\u0027Microsoft-Windows-DistributedCOM\u0027 Guid=\u0027{1B562E86-B7AA-4131-BADC-B6F3A001407E}\u0027 EventSourceName=\u0027DCOM\u0027/\u003e\u003cEventID Qualifiers=\u00270\u0027\u003e10016\u003c/EventID\u003e\u003cVersion\u003e0\u003c/Version\u003e\u003cLevel\u003e3\u003c/Level\u003e\u003cTask\u003e0\u003c/Task\u003e\u003cOpcode\u003e0\u003c/Opcode\u003e\u003cKeywords\u003e0x8080000000000000\u003c/Keywords\u003e\u003cTimeCreated SystemTime=\u00272026-09-12T11:25:32.3653390Z\u0027/\u003e\u003cEventRecordID\u003e100659\u003c/EventRecordID\u003e\u003cCorrelation/\u003e\u003cExecution ProcessID=\u00272260\u0027 ThreadID=\u00272852\u0027/\u003e\u003cChannel\u003eSystem\u003c/Channel\u003e\u003cComputer\u003eDingleDerp\u003c/Computer\u003e\u003cSecurity UserID=\u0027S-1-5-19\u0027/\u003e\u003c/System\u003e\u003cEventData\u003e\u003cData Name=\u0027param1\u0027\u003eapplication-specific\u003c/Data\u003e\u003cData Name=\u0027param2\u0027\u003eLocal\u003c/Data\u003e\u003cData Name=\u0027param3\u0027\u003eActivation\u003c/Data\u003e\u003cData Name=\u0027param4\u0027\u003e{6B3B8D23-FA8D-40B9-8DBD-B950333E2C52}\u003c/Data\u003e\u003cData Name=\u0027param5\u0027\u003e{4839DDB7-58C2-48F5-8283-E1D1807D0D7D}\u003c/Data\u003e\u003cData Name=\u0027param6\u0027\u003eNT AUTHORITY\u003c/Data\u003e\u003cData Name=\u0027param7\u0027\u003eLOCAL SERVICE\u003c/Data\u003e\u003cData Name=\u0027param8\u0027\u003eS-1-5-19\u003c/Data\u003e\u003cData Name=\u0027param9\u0027\u003eLocalHost (Using LRPC)\u003c/Data\u003e\u003cData Name=\u0027param10\u0027\u003eUnavailable\u003c/Data\u003e\u003cData Name=\u0027param11\u0027\u003eUnavailable\u003c/Data\u003e\u003c/EventData\u003e\u003c/Event\u003e"
    },
    {
        "TimeCreated":  "2026-09-12T04:25:32.3683434-07:00",
        "Provider":  "Microsoft-Windows-DistributedCOM",
        "Id":  10016,
        "Level":  "Warning",
        "Message":  "The application-specific permission settings do not grant Local Activation permission for the COM Server application with CLSID \r\n{6B3B8D23-FA8D-40B9-8DBD-B950333E2C52}\r\n and APPID \r\n{4839DDB7-58C2-48F5-8283-E1D1807D0D7D}\r\n to the user NT AUTHORITY\\LOCAL SERVICE SID (S-1-5-19) from address LocalHost (Using LRPC) running in the application container Unavailable SID (Unavailable). This security permission can be modified using the Component Services administrative tool.",
        "XML":  "\u003cEvent xmlns=\u0027http://schemas.microsoft.com/win/2004/08/events/event\u0027\u003e\u003cSystem\u003e\u003cProvider Name=\u0027Microsoft-Windows-DistributedCOM\u0027 Guid=\u0027{1B562E86-B7AA-4131-BADC-B6F3A001407E}\u0027 EventSourceName=\u0027DCOM\u0027/\u003e\u003cEventID Qualifiers=\u00270\u0027\u003e10016\u003c/EventID\u003e\u003cVersion\u003e0\u003c/Version\u003e\u003cLevel\u003e3\u003c/Level\u003e\u003cTask\u003e0\u003c/Task\u003e\u003cOpcode\u003e0\u003c/Opcode\u003e\u003cKeywords\u003e0x8080000000000000\u003c/Keywords\u003e\u003cTimeCreated SystemTime=\u00272026-09-12T11:25:32.3683434Z\u0027/\u003e\u003cEventRecordID\u003e100660\u003c/EventRecordID\u003e\u003cCorrelation/\u003e\u003cExecution ProcessID=\u00272260\u0027 ThreadID=\u00273812\u0027/\u003e\u003cChannel\u003eSystem\u003c/Channel\u003e\u003cComputer\u003eDingleDerp\u003c/Computer\u003e\u003cSecurity UserID=\u0027S-1-5-19\u0027/\u003e\u003c/System\u003e\u003cEventData\u003e\u003cData Name=\u0027param1\u0027\u003eapplication-specific\u003c/Data\u003e\u003cData Name=\u0027param2\u0027\u003eLocal\u003c/Data\u003e\u003cData Name=\u0027param3\u0027\u003eActivation\u003c/Data\u003e\u003cData Name=\u0027param4\u0027\u003e{6B3B8D23-FA8D-40B9-8DBD-B950333E2C52}\u003c/Data\u003e\u003cData Name=\u0027param5\u0027\u003e{4839DDB7-58C2-48F5-8283-E1D1807D0D7D}\u003c/Data\u003e\u003cData Name=\u0027param6\u0027\u003eNT AUTHORITY\u003c/Data\u003e\u003cData Name=\u0027param7\u0027\u003eLOCAL SERVICE\u003c/Data\u003e\u003cData Name=\u0027param8\u0027\u003eS-1-5-19\u003c/Data\u003e\u003cData Name=\u0027param9\u0027\u003eLocalHost (Using LRPC)\u003c/Data\u003e\u003cData Name=\u0027param10\u0027\u003eUnavailable\u003c/Data\u003e\u003cData Name=\u0027param11\u0027\u003eUnavailable\u003c/Data\u003e\u003c/EventData\u003e\u003c/Event\u003e"
    },
